#
# There is insufficient memory for the Java Runtime Environment to continue.
# Native memory allocation (mmap) failed to map 754974720 bytes for G1 virtual space
# Possible reasons:
#   The system is out of physical RAM or swap space
#   The process is running with CompressedOops enabled, and the Java Heap may be blocking the growth of the native heap
# Possible solutions:
#   Reduce memory load on the system
#   Increase physical memory or swap space
#   Check if swap backing store is full
#   Decrease Java heap size (-Xmx/-Xms)
#   Decrease number of Java threads
#   Decrease Java thread stack sizes (-Xss)
#   Set larger code cache with -XX:ReservedCodeCacheSize=
#   JVM is running with Zero Based Compressed Oops mode in which the Java heap is
#     placed in the first 32GB address space. The Java Heap base address is the
#     maximum limit for the native heap growth. Please use -XX:HeapBaseMinAddress
#     to set the Java Heap base and to place the Java Heap above 32GB virtual address.
# This output file may be truncated or incomplete.
#
#  Out of Memory Error (os_windows.cpp:3600), pid=9372, tid=39084
#
# JRE version: Java(TM) SE Runtime Environment (21.0.2+13) (build 21.0.2+13-LTS-58)
# Java VM: Java HotSpot(TM) 64-Bit Server VM (21.0.2+13-LTS-58, mixed mode, sharing, tiered, compressed oops, compressed class ptrs, g1 gc, windows-amd64)
# No core dump will be written. Minidumps are not enabled by default on client versions of Windows
#

---------------  S U M M A R Y ------------

Command Line: -ea -Dfile.encoding=UTF-8 -Dstdout.encoding=UTF-8 -Dstderr.encoding=UTF-8 -XX:+ShowCodeDetailsInExceptionMessages org.testng.remote.RemoteTestNG -serport 54314 -protocol json -d C:\Users\SonalGhate\eclipse-workspace\DemoWebShop\test-output C:\Users\SONALG~1\AppData\Local\Temp\testng-eclipse--1412809034\testng-customsuite.xml

Host: 13th Gen Intel(R) Core(TM) i7-13800H, 20 cores, 63G,  Windows 11 , 64 bit Build 26100 (10.0.26100.4768)
Time: Sat Sep 20 21:21:48 2025 GMT Daylight Time elapsed time: 536466.916087 seconds (6d 5h 1m 6s)

---------------  T H R E A D  ---------------

Current thread (0x00000295ec3cb6c0):  VMThread "VM Thread"          [id=39084, stack(0x000000ebbf400000,0x000000ebbf500000) (1024K)]

Stack: [0x000000ebbf400000,0x000000ebbf500000]
Native frames: (J=compiled Java code, j=interpreted, Vv=VM code, C=native code)
V  [jvm.dll+0x6cade9]
V  [jvm.dll+0x8569c1]
V  [jvm.dll+0x858d2e]
V  [jvm.dll+0x859413]
V  [jvm.dll+0x280e56]
V  [jvm.dll+0x6c74d5]
V  [jvm.dll+0x6bbeca]
V  [jvm.dll+0x355bca]
V  [jvm.dll+0x35d816]
V  [jvm.dll+0x3ae67e]
V  [jvm.dll+0x3ae928]
V  [jvm.dll+0x3295dc]
V  [jvm.dll+0x329667]
V  [jvm.dll+0x36df1c]
V  [jvm.dll+0x36c71d]
V  [jvm.dll+0x328d51]
V  [jvm.dll+0x36c148]
V  [jvm.dll+0x85ef18]
V  [jvm.dll+0x860014]
V  [jvm.dll+0x860550]
V  [jvm.dll+0x8607f3]
V  [jvm.dll+0x7ff568]
V  [jvm.dll+0x6c953d]
C  [ucrtbase.dll+0x37b0]
C  [KERNEL32.DLL+0x2e8d7]
C  [ntdll.dll+0x3c34c]

VM_Operation (0x000000ebbedfe318): G1TryInitiateConcMark, mode: safepoint, requested by thread 0x00000295be066bf0


---------------  P R O C E S S  ---------------

Threads class SMR info:
_java_thread_list=0x000002963616c190, length=17, elements={
0x00000295be066bf0, 0x00000295ec3ebab0, 0x00000295ec3ec710, 0x00000295ec3f52d0,
0x00000295ec3f8820, 0x00000295ef489f90, 0x00000295ec3fcde0, 0x00000295ef48b2d0,
0x00000295ef48c8e0, 0x00000295ec3fa680, 0x00000295ec3fc0c0, 0x00000295ec3f9ff0,
0x00000295ec3fad10, 0x00000296368d7b20, 0x00000296368dafa0, 0x00000296368d9560,
0x00000296368db630
}

Java Threads: ( => current thread )
  0x00000295be066bf0 JavaThread "main"                              [_thread_blocked, id=46524, stack(0x000000ebbed00000,0x000000ebbee00000) (1024K)]
  0x00000295ec3ebab0 JavaThread "Reference Handler"          daemon [_thread_blocked, id=8732, stack(0x000000ebbf500000,0x000000ebbf600000) (1024K)]
  0x00000295ec3ec710 JavaThread "Finalizer"                  daemon [_thread_blocked, id=46488, stack(0x000000ebbf600000,0x000000ebbf700000) (1024K)]
  0x00000295ec3f52d0 JavaThread "Signal Dispatcher"          daemon [_thread_blocked, id=39436, stack(0x000000ebbf700000,0x000000ebbf800000) (1024K)]
  0x00000295ec3f8820 JavaThread "Attach Listener"            daemon [_thread_blocked, id=17740, stack(0x000000ebbf800000,0x000000ebbf900000) (1024K)]
  0x00000295ef489f90 JavaThread "Service Thread"             daemon [_thread_blocked, id=46712, stack(0x000000ebbf900000,0x000000ebbfa00000) (1024K)]
  0x00000295ec3fcde0 JavaThread "Monitor Deflation Thread"   daemon [_thread_blocked, id=32488, stack(0x000000ebbfa00000,0x000000ebbfb00000) (1024K)]
  0x00000295ef48b2d0 JavaThread "C2 CompilerThread0"         daemon [_thread_blocked, id=39480, stack(0x000000ebbfb00000,0x000000ebbfc00000) (1024K)]
  0x00000295ef48c8e0 JavaThread "C1 CompilerThread0"         daemon [_thread_blocked, id=27188, stack(0x000000ebbfc00000,0x000000ebbfd00000) (1024K)]
  0x00000295ec3fa680 JavaThread "Notification Thread"        daemon [_thread_blocked, id=17656, stack(0x000000ebc0000000,0x000000ebc0100000) (1024K)]
  0x00000295ec3fc0c0 JavaThread "Common-Cleaner"             daemon [_thread_blocked, id=33556, stack(0x000000ebc0100000,0x000000ebc0200000) (1024K)]
  0x00000295ec3f9ff0 JavaThread "HttpClient-1-SelectorManager" daemon [_thread_in_native, id=20572, stack(0x000000ebc1700000,0x000000ebc1800000) (1024K)]
  0x00000295ec3fad10 JavaThread "External Process Output Forwarder - C:\Users\SonalGhate\.cache\selenium\chromedriver\win64\140.0.7339.82\chromedriver.exe" daemon [_thread_in_native, id=50240, stack(0x000000ebc1800000,0x000000ebc1900000) (1024K)]
  0x00000296368d7b20 JavaThread "Driver Service Executor"    daemon [_thread_blocked, id=49844, stack(0x000000ebc1900000,0x000000ebc1a00000) (1024K)]
  0x00000296368dafa0 JavaThread "Driver Service Executor"    daemon [_thread_blocked, id=2676, stack(0x000000ebc1a00000,0x000000ebc1b00000) (1024K)]
  0x00000296368d9560 JavaThread "CompletableFutureDelayScheduler" daemon [_thread_blocked, id=43304, stack(0x000000ebc1d00000,0x000000ebc1e00000) (1024K)]
  0x00000296368db630 JavaThread "HttpClient-2-SelectorManager" daemon [_thread_in_native, id=44880, stack(0x000000ebbff00000,0x000000ebc0000000) (1024K)]
Total: 17

Other Threads:
=>0x00000295ec3cb6c0 VMThread "VM Thread"                           [id=39084, stack(0x000000ebbf400000,0x000000ebbf500000) (1024K)]
  0x00000295ef481b00 WatcherThread "VM Periodic Task Thread"        [id=48288, stack(0x000000ebbf300000,0x000000ebbf400000) (1024K)]
  0x00000295ec240c10 WorkerThread "GC Thread#0"                     [id=37644, stack(0x000000ebbee00000,0x000000ebbef00000) (1024K)]
  0x00000296361061e0 WorkerThread "GC Thread#1"                     [id=524, stack(0x000000ebc0800000,0x000000ebc0900000) (1024K)]
  0x0000029636106580 WorkerThread "GC Thread#2"                     [id=36736, stack(0x000000ebc0900000,0x000000ebc0a00000) (1024K)]
  0x0000029635b550c0 WorkerThread "GC Thread#3"                     [id=38664, stack(0x000000ebc0b00000,0x000000ebc0c00000) (1024K)]
  0x0000029635b55460 WorkerThread "GC Thread#4"                     [id=39544, stack(0x000000ebc0c00000,0x000000ebc0d00000) (1024K)]
  0x0000029635b55c00 WorkerThread "GC Thread#5"                     [id=51984, stack(0x000000ebc0d00000,0x000000ebc0e00000) (1024K)]
  0x0000029635e7f880 WorkerThread "GC Thread#6"                     [id=33516, stack(0x000000ebc0e00000,0x000000ebc0f00000) (1024K)]
  0x0000029635e7fc20 WorkerThread "GC Thread#7"                     [id=42196, stack(0x000000ebc0f00000,0x000000ebc1000000) (1024K)]
  0x0000029635e7f4e0 WorkerThread "GC Thread#8"                     [id=19016, stack(0x000000ebc1000000,0x000000ebc1100000) (1024K)]
  0x0000029635e7e2c0 WorkerThread "GC Thread#9"                     [id=38188, stack(0x000000ebc1100000,0x000000ebc1200000) (1024K)]
  0x0000029635e7eda0 WorkerThread "GC Thread#10"                    [id=33528, stack(0x000000ebc1200000,0x000000ebc1300000) (1024K)]
  0x0000029635e7ea00 WorkerThread "GC Thread#11"                    [id=26712, stack(0x000000ebc1300000,0x000000ebc1400000) (1024K)]
  0x0000029635e7e660 WorkerThread "GC Thread#12"                    [id=3536, stack(0x000000ebc1400000,0x000000ebc1500000) (1024K)]
  0x0000029635e7f140 WorkerThread "GC Thread#13"                    [id=31404, stack(0x000000ebc1500000,0x000000ebc1600000) (1024K)]
  0x0000029635b43f90 WorkerThread "GC Thread#14"                    [id=27884, stack(0x000000ebc1600000,0x000000ebc1700000) (1024K)]
  0x00000295c040c1c0 ConcurrentGCThread "G1 Main Marker"            [id=5508, stack(0x000000ebbef00000,0x000000ebbf000000) (1024K)]
  0x00000295c040cbd0 WorkerThread "G1 Conc#0"                       [id=37304, stack(0x000000ebbf000000,0x000000ebbf100000) (1024K)]
  0x0000029635b429d0 WorkerThread "G1 Conc#1"                       [id=28696, stack(0x000000ebc0500000,0x000000ebc0600000) (1024K)]
  0x0000029635b42d70 WorkerThread "G1 Conc#2"                       [id=29296, stack(0x000000ebc0600000,0x000000ebc0700000) (1024K)]
  0x0000029635b417b0 WorkerThread "G1 Conc#3"                       [id=49004, stack(0x000000ebc0700000,0x000000ebc0800000) (1024K)]
  0x00000295ec2f8df0 ConcurrentGCThread "G1 Refine#0"               [id=48232, stack(0x000000ebbf100000,0x000000ebbf200000) (1024K)]
  0x00000295ec2f9710 ConcurrentGCThread "G1 Service"                [id=17340, stack(0x000000ebbf200000,0x000000ebbf300000) (1024K)]
Total: 24

Threads with active compile tasks:
Total: 0

VM state: at safepoint (normal execution)

VM Mutex/Monitor currently owned by a thread:  ([mutex/lock_event])
[0x00007ffccb8ccd68] Threads_lock - owner thread: 0x00000295ec3cb6c0
[0x00007ffccb8cce68] Heap_lock - owner thread: 0x00000295be066bf0

Heap address: 0x0000000405000000, size: 16304 MB, Compressed Oops mode: Zero based, Oop shift amount: 3

CDS archive(s) mapped at: [0x00000295f0000000-0x00000295f0c90000-0x00000295f0c90000), size 13172736, SharedBaseAddress: 0x00000295f0000000, ArchiveRelocationMode: 1.
Compressed class space mapped at: 0x00000295f1000000-0x0000029631000000, reserved size: 1073741824
Narrow klass base: 0x00000295f0000000, Narrow klass shift: 0, Narrow klass range: 0x100000000

GC Precious Log:
 CardTable entry size: 512
 Card Set container configuration: InlinePtr #cards 4 size 8 Array Of Cards #cards 64 size 144 Howl #buckets 8 coarsen threshold 14745 Howl Bitmap #cards 2048 size 272 coarsen threshold 1843 Card regions per heap region 1 cards per card region 16384
 CPUs: 20 total, 20 available
 Memory: 65192M
 Large Page Support: Disabled
 NUMA Support: Disabled
 Compressed Oops: Enabled (Zero based)
 Heap Region Size: 8M
 Heap Min Capacity: 8M
 Heap Initial Capacity: 1G
 Heap Max Capacity: 16304M
 Pre-touch: Disabled
 Parallel Workers: 15
 Concurrent Workers: 4
 Concurrent Refinement Workers: 15
 Periodic GC: Disabled

Heap:
 garbage-first heap   total 1990656K, used 46087K [0x0000000405000000, 0x0000000800000000)
  region size 8192K, 1 young (8192K), 1 survivors (8192K)
 Metaspace       used 25302K, committed 25728K, reserved 1114112K
  class space    used 3024K, committed 3200K, reserved 1048576K

Heap Regions: E=young(eden), S=young(survivor), O=old, HS=humongous(starts), HC=humongous(continues), CS=collection set, F=free, TAMS=top-at-mark-start, PB=parsable bottom
|   0|0x0000000405000000, 0x0000000405800000, 0x0000000405800000|100%| O|  |TAMS 0x0000000405800000| PB 0x0000000405000000| Untracked 
|   1|0x0000000405800000, 0x0000000405d016f0, 0x0000000406000000| 62%| O|  |TAMS 0x0000000405d016f0| PB 0x0000000405800000| Untracked 
|   2|0x0000000406000000, 0x0000000406800000, 0x0000000406800000|100%| O|  |TAMS 0x0000000406800000| PB 0x0000000406000000| Untracked 
|   3|0x0000000406800000, 0x0000000406800000, 0x0000000407000000|  0%| F|  |TAMS 0x0000000406800000| PB 0x0000000406800000| Untracked 
|   4|0x0000000407000000, 0x0000000407000000, 0x0000000407800000|  0%| F|  |TAMS 0x0000000407000000| PB 0x0000000407000000| Untracked 
|   5|0x0000000407800000, 0x0000000407800000, 0x0000000408000000|  0%| F|  |TAMS 0x0000000407800000| PB 0x0000000407800000| Untracked 
|   6|0x0000000408000000, 0x0000000408000000, 0x0000000408800000|  0%| F|  |TAMS 0x0000000408000000| PB 0x0000000408000000| Untracked 
|   7|0x0000000408800000, 0x0000000408800000, 0x0000000409000000|  0%| F|  |TAMS 0x0000000408800000| PB 0x0000000408800000| Untracked 
|   8|0x0000000409000000, 0x0000000409000000, 0x0000000409800000|  0%| F|  |TAMS 0x0000000409000000| PB 0x0000000409000000| Untracked 
|   9|0x0000000409800000, 0x0000000409800000, 0x000000040a000000|  0%| F|  |TAMS 0x0000000409800000| PB 0x0000000409800000| Untracked 
|  10|0x000000040a000000, 0x000000040a000000, 0x000000040a800000|  0%| F|  |TAMS 0x000000040a000000| PB 0x000000040a000000| Untracked 
|  11|0x000000040a800000, 0x000000040a800000, 0x000000040b000000|  0%| F|  |TAMS 0x000000040a800000| PB 0x000000040a800000| Untracked 
|  12|0x000000040b000000, 0x000000040b000000, 0x000000040b800000|  0%| F|  |TAMS 0x000000040b000000| PB 0x000000040b000000| Untracked 
|  13|0x000000040b800000, 0x000000040b800000, 0x000000040c000000|  0%| F|  |TAMS 0x000000040b800000| PB 0x000000040b800000| Untracked 
|  14|0x000000040c000000, 0x000000040c000000, 0x000000040c800000|  0%| F|  |TAMS 0x000000040c000000| PB 0x000000040c000000| Untracked 
|  15|0x000000040c800000, 0x000000040c800000, 0x000000040d000000|  0%| F|  |TAMS 0x000000040c800000| PB 0x000000040c800000| Untracked 
|  16|0x000000040d000000, 0x000000040d000000, 0x000000040d800000|  0%| F|  |TAMS 0x000000040d000000| PB 0x000000040d000000| Untracked 
|  17|0x000000040d800000, 0x000000040d800000, 0x000000040e000000|  0%| F|  |TAMS 0x000000040d800000| PB 0x000000040d800000| Untracked 
|  18|0x000000040e000000, 0x000000040e000000, 0x000000040e800000|  0%| F|  |TAMS 0x000000040e000000| PB 0x000000040e000000| Untracked 
|  19|0x000000040e800000, 0x000000040e800000, 0x000000040f000000|  0%| F|  |TAMS 0x000000040e800000| PB 0x000000040e800000| Untracked 
|  20|0x000000040f000000, 0x000000040f000000, 0x000000040f800000|  0%| F|  |TAMS 0x000000040f000000| PB 0x000000040f000000| Untracked 
|  21|0x000000040f800000, 0x000000040f800000, 0x0000000410000000|  0%| F|  |TAMS 0x000000040f800000| PB 0x000000040f800000| Untracked 
|  22|0x0000000410000000, 0x0000000410000000, 0x0000000410800000|  0%| F|  |TAMS 0x0000000410000000| PB 0x0000000410000000| Untracked 
|  23|0x0000000410800000, 0x0000000410800000, 0x0000000411000000|  0%| F|  |TAMS 0x0000000410800000| PB 0x0000000410800000| Untracked 
|  24|0x0000000411000000, 0x0000000411000000, 0x0000000411800000|  0%| F|  |TAMS 0x0000000411000000| PB 0x0000000411000000| Untracked 
|  25|0x0000000411800000, 0x0000000411800000, 0x0000000412000000|  0%| F|  |TAMS 0x0000000411800000| PB 0x0000000411800000| Untracked 
|  26|0x0000000412000000, 0x0000000412000000, 0x0000000412800000|  0%| F|  |TAMS 0x0000000412000000| PB 0x0000000412000000| Untracked 
|  27|0x0000000412800000, 0x0000000412800000, 0x0000000413000000|  0%| F|  |TAMS 0x0000000412800000| PB 0x0000000412800000| Untracked 
|  28|0x0000000413000000, 0x0000000413000000, 0x0000000413800000|  0%| F|  |TAMS 0x0000000413000000| PB 0x0000000413000000| Untracked 
|  29|0x0000000413800000, 0x0000000413800000, 0x0000000414000000|  0%| F|  |TAMS 0x0000000413800000| PB 0x0000000413800000| Untracked 
|  30|0x0000000414000000, 0x0000000414000000, 0x0000000414800000|  0%| F|  |TAMS 0x0000000414000000| PB 0x0000000414000000| Untracked 
|  31|0x0000000414800000, 0x0000000414800000, 0x0000000415000000|  0%| F|  |TAMS 0x0000000414800000| PB 0x0000000414800000| Untracked 
|  32|0x0000000415000000, 0x0000000415000000, 0x0000000415800000|  0%| F|  |TAMS 0x0000000415000000| PB 0x0000000415000000| Untracked 
|  33|0x0000000415800000, 0x0000000415800000, 0x0000000416000000|  0%| F|  |TAMS 0x0000000415800000| PB 0x0000000415800000| Untracked 
|  34|0x0000000416000000, 0x0000000416000000, 0x0000000416800000|  0%| F|  |TAMS 0x0000000416000000| PB 0x0000000416000000| Untracked 
|  35|0x0000000416800000, 0x0000000416800000, 0x0000000417000000|  0%| F|  |TAMS 0x0000000416800000| PB 0x0000000416800000| Untracked 
|  36|0x0000000417000000, 0x0000000417000000, 0x0000000417800000|  0%| F|  |TAMS 0x0000000417000000| PB 0x0000000417000000| Untracked 
|  37|0x0000000417800000, 0x0000000417800000, 0x0000000418000000|  0%| F|  |TAMS 0x0000000417800000| PB 0x0000000417800000| Untracked 
|  38|0x0000000418000000, 0x0000000418000000, 0x0000000418800000|  0%| F|  |TAMS 0x0000000418000000| PB 0x0000000418000000| Untracked 
|  39|0x0000000418800000, 0x0000000418800000, 0x0000000419000000|  0%| F|  |TAMS 0x0000000418800000| PB 0x0000000418800000| Untracked 
|  40|0x0000000419000000, 0x0000000419000000, 0x0000000419800000|  0%| F|  |TAMS 0x0000000419000000| PB 0x0000000419000000| Untracked 
|  41|0x0000000419800000, 0x0000000419800000, 0x000000041a000000|  0%| F|  |TAMS 0x0000000419800000| PB 0x0000000419800000| Untracked 
|  42|0x000000041a000000, 0x000000041a000000, 0x000000041a800000|  0%| F|  |TAMS 0x000000041a000000| PB 0x000000041a000000| Untracked 
|  43|0x000000041a800000, 0x000000041a800000, 0x000000041b000000|  0%| F|  |TAMS 0x000000041a800000| PB 0x000000041a800000| Untracked 
|  44|0x000000041b000000, 0x000000041b000000, 0x000000041b800000|  0%| F|  |TAMS 0x000000041b000000| PB 0x000000041b000000| Untracked 
|  45|0x000000041b800000, 0x000000041b800000, 0x000000041c000000|  0%| F|  |TAMS 0x000000041b800000| PB 0x000000041b800000| Untracked 
|  46|0x000000041c000000, 0x000000041c000000, 0x000000041c800000|  0%| F|  |TAMS 0x000000041c000000| PB 0x000000041c000000| Untracked 
|  47|0x000000041c800000, 0x000000041c800000, 0x000000041d000000|  0%| F|  |TAMS 0x000000041c800000| PB 0x000000041c800000| Untracked 
|  48|0x000000041d000000, 0x000000041d000000, 0x000000041d800000|  0%| F|  |TAMS 0x000000041d000000| PB 0x000000041d000000| Untracked 
|  49|0x000000041d800000, 0x000000041d800000, 0x000000041e000000|  0%| F|  |TAMS 0x000000041d800000| PB 0x000000041d800000| Untracked 
|  50|0x000000041e000000, 0x000000041e000000, 0x000000041e800000|  0%| F|  |TAMS 0x000000041e000000| PB 0x000000041e000000| Untracked 
|  51|0x000000041e800000, 0x000000041e800000, 0x000000041f000000|  0%| F|  |TAMS 0x000000041e800000| PB 0x000000041e800000| Untracked 
|  52|0x000000041f000000, 0x000000041f000000, 0x000000041f800000|  0%| F|  |TAMS 0x000000041f000000| PB 0x000000041f000000| Untracked 
|  53|0x000000041f800000, 0x000000041f800000, 0x0000000420000000|  0%| F|  |TAMS 0x000000041f800000| PB 0x000000041f800000| Untracked 
|  54|0x0000000420000000, 0x0000000420000000, 0x0000000420800000|  0%| F|  |TAMS 0x0000000420000000| PB 0x0000000420000000| Untracked 
|  55|0x0000000420800000, 0x0000000420800000, 0x0000000421000000|  0%| F|  |TAMS 0x0000000420800000| PB 0x0000000420800000| Untracked 
|  56|0x0000000421000000, 0x0000000421000000, 0x0000000421800000|  0%| F|  |TAMS 0x0000000421000000| PB 0x0000000421000000| Untracked 
|  57|0x0000000421800000, 0x0000000421800000, 0x0000000422000000|  0%| F|  |TAMS 0x0000000421800000| PB 0x0000000421800000| Untracked 
|  58|0x0000000422000000, 0x0000000422000000, 0x0000000422800000|  0%| F|  |TAMS 0x0000000422000000| PB 0x0000000422000000| Untracked 
|  59|0x0000000422800000, 0x0000000422800000, 0x0000000423000000|  0%| F|  |TAMS 0x0000000422800000| PB 0x0000000422800000| Untracked 
|  60|0x0000000423000000, 0x0000000423000000, 0x0000000423800000|  0%| F|  |TAMS 0x0000000423000000| PB 0x0000000423000000| Untracked 
|  61|0x0000000423800000, 0x0000000423800000, 0x0000000424000000|  0%| F|  |TAMS 0x0000000423800000| PB 0x0000000423800000| Untracked 
|  62|0x0000000424000000, 0x0000000424000000, 0x0000000424800000|  0%| F|  |TAMS 0x0000000424000000| PB 0x0000000424000000| Untracked 
|  63|0x0000000424800000, 0x0000000424800000, 0x0000000425000000|  0%| F|  |TAMS 0x0000000424800000| PB 0x0000000424800000| Untracked 
|  64|0x0000000425000000, 0x0000000425000000, 0x0000000425800000|  0%| F|  |TAMS 0x0000000425000000| PB 0x0000000425000000| Untracked 
|  65|0x0000000425800000, 0x0000000425800000, 0x0000000426000000|  0%| F|  |TAMS 0x0000000425800000| PB 0x0000000425800000| Untracked 
|  66|0x0000000426000000, 0x0000000426000000, 0x0000000426800000|  0%| F|  |TAMS 0x0000000426000000| PB 0x0000000426000000| Untracked 
|  67|0x0000000426800000, 0x0000000426800000, 0x0000000427000000|  0%| F|  |TAMS 0x0000000426800000| PB 0x0000000426800000| Untracked 
|  68|0x0000000427000000, 0x0000000427000000, 0x0000000427800000|  0%| F|  |TAMS 0x0000000427000000| PB 0x0000000427000000| Untracked 
|  69|0x0000000427800000, 0x0000000427800000, 0x0000000428000000|  0%| F|  |TAMS 0x0000000427800000| PB 0x0000000427800000| Untracked 
|  70|0x0000000428000000, 0x0000000428000000, 0x0000000428800000|  0%| F|  |TAMS 0x0000000428000000| PB 0x0000000428000000| Untracked 
|  71|0x0000000428800000, 0x0000000428800000, 0x0000000429000000|  0%| F|  |TAMS 0x0000000428800000| PB 0x0000000428800000| Untracked 
|  72|0x0000000429000000, 0x0000000429000000, 0x0000000429800000|  0%| F|  |TAMS 0x0000000429000000| PB 0x0000000429000000| Untracked 
|  73|0x0000000429800000, 0x0000000429800000, 0x000000042a000000|  0%| F|  |TAMS 0x0000000429800000| PB 0x0000000429800000| Untracked 
|  74|0x000000042a000000, 0x000000042a000000, 0x000000042a800000|  0%| F|  |TAMS 0x000000042a000000| PB 0x000000042a000000| Untracked 
|  75|0x000000042a800000, 0x000000042a800000, 0x000000042b000000|  0%| F|  |TAMS 0x000000042a800000| PB 0x000000042a800000| Untracked 
|  76|0x000000042b000000, 0x000000042b000000, 0x000000042b800000|  0%| F|  |TAMS 0x000000042b000000| PB 0x000000042b000000| Untracked 
|  77|0x000000042b800000, 0x000000042b800000, 0x000000042c000000|  0%| F|  |TAMS 0x000000042b800000| PB 0x000000042b800000| Untracked 
|  78|0x000000042c000000, 0x000000042c000000, 0x000000042c800000|  0%| F|  |TAMS 0x000000042c000000| PB 0x000000042c000000| Untracked 
|  79|0x000000042c800000, 0x000000042c800000, 0x000000042d000000|  0%| F|  |TAMS 0x000000042c800000| PB 0x000000042c800000| Untracked 
|  80|0x000000042d000000, 0x000000042d000000, 0x000000042d800000|  0%| F|  |TAMS 0x000000042d000000| PB 0x000000042d000000| Untracked 
|  81|0x000000042d800000, 0x000000042d800000, 0x000000042e000000|  0%| F|  |TAMS 0x000000042d800000| PB 0x000000042d800000| Untracked 
|  82|0x000000042e000000, 0x000000042e000000, 0x000000042e800000|  0%| F|  |TAMS 0x000000042e000000| PB 0x000000042e000000| Untracked 
|  83|0x000000042e800000, 0x000000042e800000, 0x000000042f000000|  0%| F|  |TAMS 0x000000042e800000| PB 0x000000042e800000| Untracked 
|  84|0x000000042f000000, 0x000000042f000000, 0x000000042f800000|  0%| F|  |TAMS 0x000000042f000000| PB 0x000000042f000000| Untracked 
|  85|0x000000042f800000, 0x000000042f800000, 0x0000000430000000|  0%| F|  |TAMS 0x000000042f800000| PB 0x000000042f800000| Untracked 
|  86|0x0000000430000000, 0x0000000430000000, 0x0000000430800000|  0%| F|  |TAMS 0x0000000430000000| PB 0x0000000430000000| Untracked 
|  87|0x0000000430800000, 0x0000000430800000, 0x0000000431000000|  0%| F|  |TAMS 0x0000000430800000| PB 0x0000000430800000| Untracked 
|  88|0x0000000431000000, 0x0000000431000000, 0x0000000431800000|  0%| F|  |TAMS 0x0000000431000000| PB 0x0000000431000000| Untracked 
|  89|0x0000000431800000, 0x0000000431800000, 0x0000000432000000|  0%| F|  |TAMS 0x0000000431800000| PB 0x0000000431800000| Untracked 
|  90|0x0000000432000000, 0x0000000432000000, 0x0000000432800000|  0%| F|  |TAMS 0x0000000432000000| PB 0x0000000432000000| Untracked 
|  91|0x0000000432800000, 0x0000000432800000, 0x0000000433000000|  0%| F|  |TAMS 0x0000000432800000| PB 0x0000000432800000| Untracked 
|  92|0x0000000433000000, 0x0000000433000000, 0x0000000433800000|  0%| F|  |TAMS 0x0000000433000000| PB 0x0000000433000000| Untracked 
|  93|0x0000000433800000, 0x0000000433800000, 0x0000000434000000|  0%| F|  |TAMS 0x0000000433800000| PB 0x0000000433800000| Untracked 
|  94|0x0000000434000000, 0x0000000434000000, 0x0000000434800000|  0%| F|  |TAMS 0x0000000434000000| PB 0x0000000434000000| Untracked 
|  95|0x0000000434800000, 0x0000000434800000, 0x0000000435000000|  0%| F|  |TAMS 0x0000000434800000| PB 0x0000000434800000| Untracked 
|  96|0x0000000435000000, 0x0000000435000000, 0x0000000435800000|  0%| F|  |TAMS 0x0000000435000000| PB 0x0000000435000000| Untracked 
|  97|0x0000000435800000, 0x0000000435800000, 0x0000000436000000|  0%| F|  |TAMS 0x0000000435800000| PB 0x0000000435800000| Untracked 
|  98|0x0000000436000000, 0x0000000436000000, 0x0000000436800000|  0%| F|  |TAMS 0x0000000436000000| PB 0x0000000436000000| Untracked 
|  99|0x0000000436800000, 0x0000000436800000, 0x0000000437000000|  0%| F|  |TAMS 0x0000000436800000| PB 0x0000000436800000| Untracked 
| 100|0x0000000437000000, 0x0000000437000000, 0x0000000437800000|  0%| F|  |TAMS 0x0000000437000000| PB 0x0000000437000000| Untracked 
| 101|0x0000000437800000, 0x0000000437800000, 0x0000000438000000|  0%| F|  |TAMS 0x0000000437800000| PB 0x0000000437800000| Untracked 
| 102|0x0000000438000000, 0x0000000438000000, 0x0000000438800000|  0%| F|  |TAMS 0x0000000438000000| PB 0x0000000438000000| Untracked 
| 103|0x0000000438800000, 0x0000000438800000, 0x0000000439000000|  0%| F|  |TAMS 0x0000000438800000| PB 0x0000000438800000| Untracked 
| 104|0x0000000439000000, 0x0000000439000000, 0x0000000439800000|  0%| F|  |TAMS 0x0000000439000000| PB 0x0000000439000000| Untracked 
| 105|0x0000000439800000, 0x000000043a000000, 0x000000043a000000|100%|HS|  |TAMS 0x000000043a000000| PB 0x0000000439800000| Complete 
| 106|0x000000043a000000, 0x000000043a800000, 0x000000043a800000|100%|HC|  |TAMS 0x000000043a800000| PB 0x000000043a000000| Complete 
| 107|0x000000043a800000, 0x000000043b000000, 0x000000043b000000|100%|HC|  |TAMS 0x000000043b000000| PB 0x000000043a800000| Complete 
| 108|0x000000043b000000, 0x000000043b000000, 0x000000043b800000|  0%| F|  |TAMS 0x000000043b000000| PB 0x000000043b000000| Untracked 
| 109|0x000000043b800000, 0x000000043b800000, 0x000000043c000000|  0%| F|  |TAMS 0x000000043b800000| PB 0x000000043b800000| Untracked 
| 110|0x000000043c000000, 0x000000043c000000, 0x000000043c800000|  0%| F|  |TAMS 0x000000043c000000| PB 0x000000043c000000| Untracked 
| 111|0x000000043c800000, 0x000000043c800000, 0x000000043d000000|  0%| F|  |TAMS 0x000000043c800000| PB 0x000000043c800000| Untracked 
| 112|0x000000043d000000, 0x000000043d000000, 0x000000043d800000|  0%| F|  |TAMS 0x000000043d000000| PB 0x000000043d000000| Untracked 
| 113|0x000000043d800000, 0x000000043d800000, 0x000000043e000000|  0%| F|  |TAMS 0x000000043d800000| PB 0x000000043d800000| Untracked 
| 114|0x000000043e000000, 0x000000043e000000, 0x000000043e800000|  0%| F|  |TAMS 0x000000043e000000| PB 0x000000043e000000| Untracked 
| 115|0x000000043e800000, 0x000000043e800000, 0x000000043f000000|  0%| F|  |TAMS 0x000000043e800000| PB 0x000000043e800000| Untracked 
| 116|0x000000043f000000, 0x000000043f000000, 0x000000043f800000|  0%| F|  |TAMS 0x000000043f000000| PB 0x000000043f000000| Untracked 
| 117|0x000000043f800000, 0x000000043f800000, 0x0000000440000000|  0%| F|  |TAMS 0x000000043f800000| PB 0x000000043f800000| Untracked 
| 118|0x0000000440000000, 0x0000000440000000, 0x0000000440800000|  0%| F|  |TAMS 0x0000000440000000| PB 0x0000000440000000| Untracked 
| 119|0x0000000440800000, 0x0000000440800000, 0x0000000441000000|  0%| F|  |TAMS 0x0000000440800000| PB 0x0000000440800000| Untracked 
| 120|0x0000000441000000, 0x0000000441000000, 0x0000000441800000|  0%| F|  |TAMS 0x0000000441000000| PB 0x0000000441000000| Untracked 
| 121|0x0000000441800000, 0x0000000441800000, 0x0000000442000000|  0%| F|  |TAMS 0x0000000441800000| PB 0x0000000441800000| Untracked 
| 122|0x0000000442000000, 0x0000000442000000, 0x0000000442800000|  0%| F|  |TAMS 0x0000000442000000| PB 0x0000000442000000| Untracked 
| 123|0x0000000442800000, 0x0000000442800000, 0x0000000443000000|  0%| F|  |TAMS 0x0000000442800000| PB 0x0000000442800000| Untracked 
| 124|0x0000000443000000, 0x0000000443000000, 0x0000000443800000|  0%| F|  |TAMS 0x0000000443000000| PB 0x0000000443000000| Untracked 
| 125|0x0000000443800000, 0x0000000443800000, 0x0000000444000000|  0%| F|  |TAMS 0x0000000443800000| PB 0x0000000443800000| Untracked 
| 126|0x0000000444000000, 0x0000000444000000, 0x0000000444800000|  0%| F|  |TAMS 0x0000000444000000| PB 0x0000000444000000| Untracked 
| 127|0x0000000444800000, 0x0000000444800000, 0x0000000445000000|  0%| F|  |TAMS 0x0000000444800000| PB 0x0000000444800000| Untracked 
| 128|0x0000000445000000, 0x0000000445000000, 0x0000000445800000|  0%| F|  |TAMS 0x0000000445000000| PB 0x0000000445000000| Untracked 
| 129|0x0000000445800000, 0x0000000445800000, 0x0000000446000000|  0%| F|  |TAMS 0x0000000445800000| PB 0x0000000445800000| Untracked 
| 130|0x0000000446000000, 0x0000000446000000, 0x0000000446800000|  0%| F|  |TAMS 0x0000000446000000| PB 0x0000000446000000| Untracked 
| 131|0x0000000446800000, 0x0000000446800000, 0x0000000447000000|  0%| F|  |TAMS 0x0000000446800000| PB 0x0000000446800000| Untracked 
| 132|0x0000000447000000, 0x0000000447000000, 0x0000000447800000|  0%| F|  |TAMS 0x0000000447000000| PB 0x0000000447000000| Untracked 
| 133|0x0000000447800000, 0x0000000447800000, 0x0000000448000000|  0%| F|  |TAMS 0x0000000447800000| PB 0x0000000447800000| Untracked 
| 134|0x0000000448000000, 0x0000000448000000, 0x0000000448800000|  0%| F|  |TAMS 0x0000000448000000| PB 0x0000000448000000| Untracked 
| 135|0x0000000448800000, 0x0000000448800000, 0x0000000449000000|  0%| F|  |TAMS 0x0000000448800000| PB 0x0000000448800000| Untracked 
| 136|0x0000000449000000, 0x0000000449000000, 0x0000000449800000|  0%| F|  |TAMS 0x0000000449000000| PB 0x0000000449000000| Untracked 
| 137|0x0000000449800000, 0x0000000449800000, 0x000000044a000000|  0%| F|  |TAMS 0x0000000449800000| PB 0x0000000449800000| Untracked 
| 138|0x000000044a000000, 0x000000044a000000, 0x000000044a800000|  0%| F|  |TAMS 0x000000044a000000| PB 0x000000044a000000| Untracked 
| 139|0x000000044a800000, 0x000000044a800000, 0x000000044b000000|  0%| F|  |TAMS 0x000000044a800000| PB 0x000000044a800000| Untracked 
| 140|0x000000044b000000, 0x000000044b000000, 0x000000044b800000|  0%| F|  |TAMS 0x000000044b000000| PB 0x000000044b000000| Untracked 
| 141|0x000000044b800000, 0x000000044b800000, 0x000000044c000000|  0%| F|  |TAMS 0x000000044b800000| PB 0x000000044b800000| Untracked 
| 142|0x000000044c000000, 0x000000044c000000, 0x000000044c800000|  0%| F|  |TAMS 0x000000044c000000| PB 0x000000044c000000| Untracked 
| 143|0x000000044c800000, 0x000000044c800000, 0x000000044d000000|  0%| F|  |TAMS 0x000000044c800000| PB 0x000000044c800000| Untracked 
| 144|0x000000044d000000, 0x000000044d000000, 0x000000044d800000|  0%| F|  |TAMS 0x000000044d000000| PB 0x000000044d000000| Untracked 
| 145|0x000000044d800000, 0x000000044d800000, 0x000000044e000000|  0%| F|  |TAMS 0x000000044d800000| PB 0x000000044d800000| Untracked 
| 146|0x000000044e000000, 0x000000044e000000, 0x000000044e800000|  0%| F|  |TAMS 0x000000044e000000| PB 0x000000044e000000| Untracked 
| 147|0x000000044e800000, 0x000000044e800000, 0x000000044f000000|  0%| F|  |TAMS 0x000000044e800000| PB 0x000000044e800000| Untracked 
| 148|0x000000044f000000, 0x000000044f000000, 0x000000044f800000|  0%| F|  |TAMS 0x000000044f000000| PB 0x000000044f000000| Untracked 
| 149|0x000000044f800000, 0x000000044f800000, 0x0000000450000000|  0%| F|  |TAMS 0x000000044f800000| PB 0x000000044f800000| Untracked 
| 150|0x0000000450000000, 0x0000000450000000, 0x0000000450800000|  0%| F|  |TAMS 0x0000000450000000| PB 0x0000000450000000| Untracked 
| 151|0x0000000450800000, 0x0000000450800000, 0x0000000451000000|  0%| F|  |TAMS 0x0000000450800000| PB 0x0000000450800000| Untracked 
| 152|0x0000000451000000, 0x0000000451000000, 0x0000000451800000|  0%| F|  |TAMS 0x0000000451000000| PB 0x0000000451000000| Untracked 
| 153|0x0000000451800000, 0x0000000451800000, 0x0000000452000000|  0%| F|  |TAMS 0x0000000451800000| PB 0x0000000451800000| Untracked 
| 154|0x0000000452000000, 0x0000000452000000, 0x0000000452800000|  0%| F|  |TAMS 0x0000000452000000| PB 0x0000000452000000| Untracked 
| 155|0x0000000452800000, 0x0000000452800000, 0x0000000453000000|  0%| F|  |TAMS 0x0000000452800000| PB 0x0000000452800000| Untracked 
| 156|0x0000000453000000, 0x0000000453000000, 0x0000000453800000|  0%| F|  |TAMS 0x0000000453000000| PB 0x0000000453000000| Untracked 
| 157|0x0000000453800000, 0x0000000453800000, 0x0000000454000000|  0%| F|  |TAMS 0x0000000453800000| PB 0x0000000453800000| Untracked 
| 158|0x0000000454000000, 0x0000000454000000, 0x0000000454800000|  0%| F|  |TAMS 0x0000000454000000| PB 0x0000000454000000| Untracked 
| 159|0x0000000454800000, 0x0000000454800000, 0x0000000455000000|  0%| F|  |TAMS 0x0000000454800000| PB 0x0000000454800000| Untracked 
| 160|0x0000000455000000, 0x0000000455000000, 0x0000000455800000|  0%| F|  |TAMS 0x0000000455000000| PB 0x0000000455000000| Untracked 
| 161|0x0000000455800000, 0x0000000455800000, 0x0000000456000000|  0%| F|  |TAMS 0x0000000455800000| PB 0x0000000455800000| Untracked 
| 162|0x0000000456000000, 0x0000000456000000, 0x0000000456800000|  0%| F|  |TAMS 0x0000000456000000| PB 0x0000000456000000| Untracked 
| 163|0x0000000456800000, 0x0000000456800000, 0x0000000457000000|  0%| F|  |TAMS 0x0000000456800000| PB 0x0000000456800000| Untracked 
| 164|0x0000000457000000, 0x0000000457000000, 0x0000000457800000|  0%| F|  |TAMS 0x0000000457000000| PB 0x0000000457000000| Untracked 
| 165|0x0000000457800000, 0x0000000457800000, 0x0000000458000000|  0%| F|  |TAMS 0x0000000457800000| PB 0x0000000457800000| Untracked 
| 166|0x0000000458000000, 0x0000000458000000, 0x0000000458800000|  0%| F|  |TAMS 0x0000000458000000| PB 0x0000000458000000| Untracked 
| 167|0x0000000458800000, 0x0000000458800000, 0x0000000459000000|  0%| F|  |TAMS 0x0000000458800000| PB 0x0000000458800000| Untracked 
| 168|0x0000000459000000, 0x0000000459000000, 0x0000000459800000|  0%| F|  |TAMS 0x0000000459000000| PB 0x0000000459000000| Untracked 
| 169|0x0000000459800000, 0x0000000459800000, 0x000000045a000000|  0%| F|  |TAMS 0x0000000459800000| PB 0x0000000459800000| Untracked 
| 170|0x000000045a000000, 0x000000045a000000, 0x000000045a800000|  0%| F|  |TAMS 0x000000045a000000| PB 0x000000045a000000| Untracked 
| 171|0x000000045a800000, 0x000000045a800000, 0x000000045b000000|  0%| F|  |TAMS 0x000000045a800000| PB 0x000000045a800000| Untracked 
| 172|0x000000045b000000, 0x000000045b000000, 0x000000045b800000|  0%| F|  |TAMS 0x000000045b000000| PB 0x000000045b000000| Untracked 
| 173|0x000000045b800000, 0x000000045b800000, 0x000000045c000000|  0%| F|  |TAMS 0x000000045b800000| PB 0x000000045b800000| Untracked 
| 174|0x000000045c000000, 0x000000045c000000, 0x000000045c800000|  0%| F|  |TAMS 0x000000045c000000| PB 0x000000045c000000| Untracked 
| 175|0x000000045c800000, 0x000000045c800000, 0x000000045d000000|  0%| F|  |TAMS 0x000000045c800000| PB 0x000000045c800000| Untracked 
| 176|0x000000045d000000, 0x000000045d000000, 0x000000045d800000|  0%| F|  |TAMS 0x000000045d000000| PB 0x000000045d000000| Untracked 
| 177|0x000000045d800000, 0x000000045d800000, 0x000000045e000000|  0%| F|  |TAMS 0x000000045d800000| PB 0x000000045d800000| Untracked 
| 178|0x000000045e000000, 0x000000045e000000, 0x000000045e800000|  0%| F|  |TAMS 0x000000045e000000| PB 0x000000045e000000| Untracked 
| 179|0x000000045e800000, 0x000000045e800000, 0x000000045f000000|  0%| F|  |TAMS 0x000000045e800000| PB 0x000000045e800000| Untracked 
| 180|0x000000045f000000, 0x000000045f000000, 0x000000045f800000|  0%| F|  |TAMS 0x000000045f000000| PB 0x000000045f000000| Untracked 
| 181|0x000000045f800000, 0x000000045f800000, 0x0000000460000000|  0%| F|  |TAMS 0x000000045f800000| PB 0x000000045f800000| Untracked 
| 182|0x0000000460000000, 0x0000000460000000, 0x0000000460800000|  0%| F|  |TAMS 0x0000000460000000| PB 0x0000000460000000| Untracked 
| 183|0x0000000460800000, 0x0000000460800000, 0x0000000461000000|  0%| F|  |TAMS 0x0000000460800000| PB 0x0000000460800000| Untracked 
| 184|0x0000000461000000, 0x0000000461000000, 0x0000000461800000|  0%| F|  |TAMS 0x0000000461000000| PB 0x0000000461000000| Untracked 
| 185|0x0000000461800000, 0x0000000461800000, 0x0000000462000000|  0%| F|  |TAMS 0x0000000461800000| PB 0x0000000461800000| Untracked 
| 186|0x0000000462000000, 0x0000000462000000, 0x0000000462800000|  0%| F|  |TAMS 0x0000000462000000| PB 0x0000000462000000| Untracked 
| 187|0x0000000462800000, 0x0000000462800000, 0x0000000463000000|  0%| F|  |TAMS 0x0000000462800000| PB 0x0000000462800000| Untracked 
| 188|0x0000000463000000, 0x0000000463000000, 0x0000000463800000|  0%| F|  |TAMS 0x0000000463000000| PB 0x0000000463000000| Untracked 
| 189|0x0000000463800000, 0x0000000463800000, 0x0000000464000000|  0%| F|  |TAMS 0x0000000463800000| PB 0x0000000463800000| Untracked 
| 190|0x0000000464000000, 0x0000000464000000, 0x0000000464800000|  0%| F|  |TAMS 0x0000000464000000| PB 0x0000000464000000| Untracked 
| 191|0x0000000464800000, 0x0000000464800000, 0x0000000465000000|  0%| F|  |TAMS 0x0000000464800000| PB 0x0000000464800000| Untracked 
| 192|0x0000000465000000, 0x0000000465000000, 0x0000000465800000|  0%| F|  |TAMS 0x0000000465000000| PB 0x0000000465000000| Untracked 
| 193|0x0000000465800000, 0x0000000465800000, 0x0000000466000000|  0%| F|  |TAMS 0x0000000465800000| PB 0x0000000465800000| Untracked 
| 194|0x0000000466000000, 0x0000000466000000, 0x0000000466800000|  0%| F|  |TAMS 0x0000000466000000| PB 0x0000000466000000| Untracked 
| 195|0x0000000466800000, 0x0000000466800000, 0x0000000467000000|  0%| F|  |TAMS 0x0000000466800000| PB 0x0000000466800000| Untracked 
| 196|0x0000000467000000, 0x0000000467000000, 0x0000000467800000|  0%| F|  |TAMS 0x0000000467000000| PB 0x0000000467000000| Untracked 
| 197|0x0000000467800000, 0x0000000467800000, 0x0000000468000000|  0%| F|  |TAMS 0x0000000467800000| PB 0x0000000467800000| Untracked 
| 198|0x0000000468000000, 0x0000000468000000, 0x0000000468800000|  0%| F|  |TAMS 0x0000000468000000| PB 0x0000000468000000| Untracked 
| 199|0x0000000468800000, 0x0000000468800000, 0x0000000469000000|  0%| F|  |TAMS 0x0000000468800000| PB 0x0000000468800000| Untracked 
| 200|0x0000000469000000, 0x0000000469000000, 0x0000000469800000|  0%| F|  |TAMS 0x0000000469000000| PB 0x0000000469000000| Untracked 
| 201|0x0000000469800000, 0x0000000469800000, 0x000000046a000000|  0%| F|  |TAMS 0x0000000469800000| PB 0x0000000469800000| Untracked 
| 202|0x000000046a000000, 0x000000046a000000, 0x000000046a800000|  0%| F|  |TAMS 0x000000046a000000| PB 0x000000046a000000| Untracked 
| 203|0x000000046a800000, 0x000000046a800000, 0x000000046b000000|  0%| F|  |TAMS 0x000000046a800000| PB 0x000000046a800000| Untracked 
| 204|0x000000046b000000, 0x000000046b000000, 0x000000046b800000|  0%| F|  |TAMS 0x000000046b000000| PB 0x000000046b000000| Untracked 
| 205|0x000000046b800000, 0x000000046b800000, 0x000000046c000000|  0%| F|  |TAMS 0x000000046b800000| PB 0x000000046b800000| Untracked 
| 206|0x000000046c000000, 0x000000046c000000, 0x000000046c800000|  0%| F|  |TAMS 0x000000046c000000| PB 0x000000046c000000| Untracked 
| 207|0x000000046c800000, 0x000000046c800000, 0x000000046d000000|  0%| F|  |TAMS 0x000000046c800000| PB 0x000000046c800000| Untracked 
| 208|0x000000046d000000, 0x000000046d000000, 0x000000046d800000|  0%| F|  |TAMS 0x000000046d000000| PB 0x000000046d000000| Untracked 
| 209|0x000000046d800000, 0x000000046d800000, 0x000000046e000000|  0%| F|  |TAMS 0x000000046d800000| PB 0x000000046d800000| Untracked 
| 210|0x000000046e000000, 0x000000046e000000, 0x000000046e800000|  0%| F|  |TAMS 0x000000046e000000| PB 0x000000046e000000| Untracked 
| 211|0x000000046e800000, 0x000000046e800000, 0x000000046f000000|  0%| F|  |TAMS 0x000000046e800000| PB 0x000000046e800000| Untracked 
| 212|0x000000046f000000, 0x000000046f000000, 0x000000046f800000|  0%| F|  |TAMS 0x000000046f000000| PB 0x000000046f000000| Untracked 
| 213|0x000000046f800000, 0x000000046f800000, 0x0000000470000000|  0%| F|  |TAMS 0x000000046f800000| PB 0x000000046f800000| Untracked 
| 214|0x0000000470000000, 0x0000000470000000, 0x0000000470800000|  0%| F|  |TAMS 0x0000000470000000| PB 0x0000000470000000| Untracked 
| 215|0x0000000470800000, 0x0000000470800000, 0x0000000471000000|  0%| F|  |TAMS 0x0000000470800000| PB 0x0000000470800000| Untracked 
| 216|0x0000000471000000, 0x0000000471000000, 0x0000000471800000|  0%| F|  |TAMS 0x0000000471000000| PB 0x0000000471000000| Untracked 
| 217|0x0000000471800000, 0x0000000471800000, 0x0000000472000000|  0%| F|  |TAMS 0x0000000471800000| PB 0x0000000471800000| Untracked 
| 218|0x0000000472000000, 0x0000000472000000, 0x0000000472800000|  0%| F|  |TAMS 0x0000000472000000| PB 0x0000000472000000| Untracked 
| 219|0x0000000472800000, 0x0000000472800000, 0x0000000473000000|  0%| F|  |TAMS 0x0000000472800000| PB 0x0000000472800000| Untracked 
| 220|0x0000000473000000, 0x0000000473000000, 0x0000000473800000|  0%| F|  |TAMS 0x0000000473000000| PB 0x0000000473000000| Untracked 
| 221|0x0000000473800000, 0x0000000473800000, 0x0000000474000000|  0%| F|  |TAMS 0x0000000473800000| PB 0x0000000473800000| Untracked 
| 222|0x0000000474000000, 0x0000000474000000, 0x0000000474800000|  0%| F|  |TAMS 0x0000000474000000| PB 0x0000000474000000| Untracked 
| 223|0x0000000474800000, 0x0000000474800000, 0x0000000475000000|  0%| F|  |TAMS 0x0000000474800000| PB 0x0000000474800000| Untracked 
| 224|0x0000000475000000, 0x0000000475000000, 0x0000000475800000|  0%| F|  |TAMS 0x0000000475000000| PB 0x0000000475000000| Untracked 
| 225|0x0000000475800000, 0x0000000475800000, 0x0000000476000000|  0%| F|  |TAMS 0x0000000475800000| PB 0x0000000475800000| Untracked 
| 226|0x0000000476000000, 0x0000000476000000, 0x0000000476800000|  0%| F|  |TAMS 0x0000000476000000| PB 0x0000000476000000| Untracked 
| 227|0x0000000476800000, 0x0000000476800000, 0x0000000477000000|  0%| F|  |TAMS 0x0000000476800000| PB 0x0000000476800000| Untracked 
| 228|0x0000000477000000, 0x0000000477000000, 0x0000000477800000|  0%| F|  |TAMS 0x0000000477000000| PB 0x0000000477000000| Untracked 
| 229|0x0000000477800000, 0x0000000477800000, 0x0000000478000000|  0%| F|  |TAMS 0x0000000477800000| PB 0x0000000477800000| Untracked 
| 230|0x0000000478000000, 0x0000000478000000, 0x0000000478800000|  0%| F|  |TAMS 0x0000000478000000| PB 0x0000000478000000| Untracked 
| 231|0x0000000478800000, 0x0000000478800000, 0x0000000479000000|  0%| F|  |TAMS 0x0000000478800000| PB 0x0000000478800000| Untracked 
| 232|0x0000000479000000, 0x0000000479000000, 0x0000000479800000|  0%| F|  |TAMS 0x0000000479000000| PB 0x0000000479000000| Untracked 
| 233|0x0000000479800000, 0x0000000479800000, 0x000000047a000000|  0%| F|  |TAMS 0x0000000479800000| PB 0x0000000479800000| Untracked 
| 234|0x000000047a000000, 0x000000047a000000, 0x000000047a800000|  0%| F|  |TAMS 0x000000047a000000| PB 0x000000047a000000| Untracked 
| 235|0x000000047a800000, 0x000000047a800000, 0x000000047b000000|  0%| F|  |TAMS 0x000000047a800000| PB 0x000000047a800000| Untracked 
| 236|0x000000047b000000, 0x000000047b000000, 0x000000047b800000|  0%| F|  |TAMS 0x000000047b000000| PB 0x000000047b000000| Untracked 
| 237|0x000000047b800000, 0x000000047b800000, 0x000000047c000000|  0%| F|  |TAMS 0x000000047b800000| PB 0x000000047b800000| Untracked 
| 238|0x000000047c000000, 0x000000047c000000, 0x000000047c800000|  0%| F|  |TAMS 0x000000047c000000| PB 0x000000047c000000| Untracked 
| 239|0x000000047c800000, 0x000000047c800000, 0x000000047d000000|  0%| F|  |TAMS 0x000000047c800000| PB 0x000000047c800000| Untracked 
| 240|0x000000047d000000, 0x000000047d000810, 0x000000047d800000|  0%| S|CS|TAMS 0x000000047d000000| PB 0x000000047d000000| Complete 
| 241|0x000000047d800000, 0x000000047d800000, 0x000000047e000000|  0%| F|  |TAMS 0x000000047d800000| PB 0x000000047d800000| Untracked 
| 242|0x000000047e000000, 0x000000047e000000, 0x000000047e800000|  0%| F|  |TAMS 0x000000047e000000| PB 0x000000047e000000| Untracked 

Card table byte_map: [0x00000295da250000,0x00000295dc230000] _byte_map_base: 0x00000295d8228000

Marking Bits: (CMBitMap*) 0x00000295c03fa400
 Bits: [0x00000295dc230000, 0x00000295ec0f0000)

Polling page: 0x00000295bdff0000

Metaspace:

Usage:
  Non-class:     21.76 MB used.
      Class:      2.95 MB used.
       Both:     24.71 MB used.

Virtual space:
  Non-class space:       64.00 MB reserved,      22.00 MB ( 34%) committed,  1 nodes.
      Class space:        1.00 GB reserved,       3.12 MB ( <1%) committed,  1 nodes.
             Both:        1.06 GB reserved,      25.12 MB (  2%) committed. 

Chunk freelists:
   Non-Class:  10.04 MB
       Class:  12.76 MB
        Both:  22.80 MB

MaxMetaspaceSize: unlimited
CompressedClassSpaceSize: 1.00 GB
Initial GC threshold: 21.00 MB
Current GC threshold: 35.12 MB
CDS: on
 - commit_granule_bytes: 65536.
 - commit_granule_words: 8192.
 - virtual_space_node_default_size: 8388608.
 - enlarge_chunks_in_place: 1.
 - use_allocation_guard: 0.


Internal statistics:

num_allocs_failed_limit: 3.
num_arena_births: 458.
num_arena_deaths: 0.
num_vsnodes_births: 2.
num_vsnodes_deaths: 0.
num_space_committed: 402.
num_space_uncommitted: 0.
num_chunks_returned_to_freelist: 3.
num_chunks_taken_from_freelist: 1056.
num_chunk_merges: 0.
num_chunk_splits: 636.
num_chunks_enlarged: 408.
num_inconsistent_stats: 0.

CodeHeap 'non-profiled nmethods': size=119168Kb used=1412Kb max_used=1412Kb free=117755Kb
 bounds [0x00000295d0350000, 0x00000295d05c0000, 0x00000295d77b0000]
CodeHeap 'profiled nmethods': size=119104Kb used=6775Kb max_used=6775Kb free=112329Kb
 bounds [0x00000295c87b0000, 0x00000295c8e50000, 0x00000295cfc00000]
CodeHeap 'non-nmethods': size=7488Kb used=1602Kb max_used=3302Kb free=5885Kb
 bounds [0x00000295cfc00000, 0x00000295cff40000, 0x00000295d0350000]
 total_blobs=4026 nmethods=3379 adapters=550
 compilation: enabled
              stopped_count=0, restarted_count=0
 full_count=0

Compilation events (20 events):
Event: 73771.471 Thread 0x00000295ef48b2d0 3370       4       jdk.internal.misc.InnocuousThread::eraseThreadLocals (23 bytes)
Event: 73771.472 Thread 0x00000295ef48b2d0 nmethod 3370 0x00000295d04ac510 code [0x00000295d04ac6a0, 0x00000295d04ac7d8]
Event: 155522.245 Thread 0x00000295ef48b2d0 3371       4       jdk.internal.misc.Unsafe::weakCompareAndSetInt (11 bytes)
Event: 155522.246 Thread 0x00000295ef48b2d0 nmethod 3371 0x00000295d04ac890 code [0x00000295d04aca20, 0x00000295d04acab8]
Event: 171646.024 Thread 0x00000295ef48b2d0 3372       4       java.util.concurrent.locks.AbstractQueuedSynchronizer$Node::setStatusRelaxed (12 bytes)
Event: 171646.025 Thread 0x00000295ef48b2d0 nmethod 3372 0x00000295d04acb90 code [0x00000295d04acd20, 0x00000295d04acdb0]
Event: 171766.038 Thread 0x00000295ef48b2d0 3373       4       jdk.internal.misc.Unsafe::putIntOpaque (9 bytes)
Event: 171766.039 Thread 0x00000295ef48b2d0 nmethod 3373 0x00000295d04ace90 code [0x00000295d04ad020, 0x00000295d04ad0b8]
Event: 240335.607 Thread 0x00000295ef48c8e0 3374 % !   3       jdk.internal.net.http.HttpClientImpl$SelectorManager::run @ 68 (1716 bytes)
Event: 240335.641 Thread 0x00000295ef48c8e0 nmethod 3374% 0x00000295c8e18c10 code [0x00000295c8e1a3a0, 0x00000295c8e2bc88]
Event: 242261.924 Thread 0x00000295ef48c8e0 3375   !   3       jdk.internal.net.http.HttpClientImpl$SelectorManager::run (1716 bytes)
Event: 242261.936 Thread 0x00000295ef48c8e0 nmethod 3375 0x00000295c8e33b10 code [0x00000295c8e352e0, 0x00000295c8e459a8]
Event: 249217.326 Thread 0x00000295ef48b2d0 3376       4       java.lang.ref.ReferenceQueue::poll0 (65 bytes)
Event: 249217.336 Thread 0x00000295ef48b2d0 nmethod 3376 0x00000295d04ad190 code [0x00000295d04ad320, 0x00000295d04ad670]
Event: 369782.023 Thread 0x00000295ef48b2d0 3377       4       java.util.concurrent.locks.LockSupport::setBlocker (12 bytes)
Event: 369782.026 Thread 0x00000295ef48b2d0 nmethod 3377 0x00000295d04ad710 code [0x00000295d04ad8a0, 0x00000295d04ad9e0]
Event: 406399.244 Thread 0x00000295ef48b2d0 3378 % !   4       jdk.internal.net.http.HttpClientImpl$SelectorManager::run @ 68 (1716 bytes)
Event: 406399.304 Thread 0x00000295ef48b2d0 nmethod 3378% 0x00000295d04ada90 code [0x00000295d04adec0, 0x00000295d04afa40]
Event: 409510.465 Thread 0x00000295ef48b2d0 3379       4       java.util.concurrent.locks.AbstractQueuedSynchronizer$ConditionObject::canReacquire (38 bytes)
Event: 409510.468 Thread 0x00000295ef48b2d0 nmethod 3379 0x00000295d04b0f90 code [0x00000295d04b1120, 0x00000295d04b11f0]

GC Heap History (20 events):
Event: 536450.103 GC heap after
{Heap after GC invocations=322281 (full 0):
 garbage-first heap   total 1990656K, used 46087K [0x0000000405000000, 0x0000000800000000)
  region size 8192K, 1 young (8192K), 1 survivors (8192K)
 Metaspace       used 25302K, committed 25728K, reserved 1114112K
  class space    used 3024K, committed 3200K, reserved 1048576K
}
Event: 536451.964 GC heap before
{Heap before GC invocations=322281 (full 0):
 garbage-first heap   total 1990656K, used 881671K [0x0000000405000000, 0x0000000800000000)
  region size 8192K, 2 young (16384K), 1 survivors (8192K)
 Metaspace       used 25302K, committed 25728K, reserved 1114112K
  class space    used 3024K, committed 3200K, reserved 1048576K
}
Event: 536451.992 GC heap after
{Heap after GC invocations=322282 (full 0):
 garbage-first heap   total 1990656K, used 46087K [0x0000000405000000, 0x0000000800000000)
  region size 8192K, 1 young (8192K), 1 survivors (8192K)
 Metaspace       used 25302K, committed 25728K, reserved 1114112K
  class space    used 3024K, committed 3200K, reserved 1048576K
}
Event: 536453.575 GC heap before
{Heap before GC invocations=322282 (full 0):
 garbage-first heap   total 1990656K, used 881671K [0x0000000405000000, 0x0000000800000000)
  region size 8192K, 2 young (16384K), 1 survivors (8192K)
 Metaspace       used 25302K, committed 25728K, reserved 1114112K
  class space    used 3024K, committed 3200K, reserved 1048576K
}
Event: 536453.592 GC heap after
{Heap after GC invocations=322283 (full 0):
 garbage-first heap   total 1990656K, used 46087K [0x0000000405000000, 0x0000000800000000)
  region size 8192K, 1 young (8192K), 1 survivors (8192K)
 Metaspace       used 25302K, committed 25728K, reserved 1114112K
  class space    used 3024K, committed 3200K, reserved 1048576K
}
Event: 536455.230 GC heap before
{Heap before GC invocations=322283 (full 0):
 garbage-first heap   total 1990656K, used 881671K [0x0000000405000000, 0x0000000800000000)
  region size 8192K, 2 young (16384K), 1 survivors (8192K)
 Metaspace       used 25302K, committed 25728K, reserved 1114112K
  class space    used 3024K, committed 3200K, reserved 1048576K
}
Event: 536455.327 GC heap after
{Heap after GC invocations=322284 (full 0):
 garbage-first heap   total 1990656K, used 46087K [0x0000000405000000, 0x0000000800000000)
  region size 8192K, 1 young (8192K), 1 survivors (8192K)
 Metaspace       used 25302K, committed 25728K, reserved 1114112K
  class space    used 3024K, committed 3200K, reserved 1048576K
}
Event: 536456.748 GC heap before
{Heap before GC invocations=322284 (full 0):
 garbage-first heap   total 1990656K, used 881671K [0x0000000405000000, 0x0000000800000000)
  region size 8192K, 2 young (16384K), 1 survivors (8192K)
 Metaspace       used 25302K, committed 25728K, reserved 1114112K
  class space    used 3024K, committed 3200K, reserved 1048576K
}
Event: 536456.757 GC heap after
{Heap after GC invocations=322285 (full 0):
 garbage-first heap   total 1990656K, used 46087K [0x0000000405000000, 0x0000000800000000)
  region size 8192K, 1 young (8192K), 1 survivors (8192K)
 Metaspace       used 25302K, committed 25728K, reserved 1114112K
  class space    used 3024K, committed 3200K, reserved 1048576K
}
Event: 536458.229 GC heap before
{Heap before GC invocations=322285 (full 0):
 garbage-first heap   total 1990656K, used 881671K [0x0000000405000000, 0x0000000800000000)
  region size 8192K, 2 young (16384K), 1 survivors (8192K)
 Metaspace       used 25302K, committed 25728K, reserved 1114112K
  class space    used 3024K, committed 3200K, reserved 1048576K
}
Event: 536458.241 GC heap after
{Heap after GC invocations=322286 (full 0):
 garbage-first heap   total 1990656K, used 46087K [0x0000000405000000, 0x0000000800000000)
  region size 8192K, 1 young (8192K), 1 survivors (8192K)
 Metaspace       used 25302K, committed 25728K, reserved 1114112K
  class space    used 3024K, committed 3200K, reserved 1048576K
}
Event: 536459.395 GC heap before
{Heap before GC invocations=322286 (full 0):
 garbage-first heap   total 1990656K, used 881671K [0x0000000405000000, 0x0000000800000000)
  region size 8192K, 2 young (16384K), 1 survivors (8192K)
 Metaspace       used 25302K, committed 25728K, reserved 1114112K
  class space    used 3024K, committed 3200K, reserved 1048576K
}
Event: 536459.405 GC heap after
{Heap after GC invocations=322287 (full 0):
 garbage-first heap   total 1990656K, used 46087K [0x0000000405000000, 0x0000000800000000)
  region size 8192K, 1 young (8192K), 1 survivors (8192K)
 Metaspace       used 25302K, committed 25728K, reserved 1114112K
  class space    used 3024K, committed 3200K, reserved 1048576K
}
Event: 536460.692 GC heap before
{Heap before GC invocations=322287 (full 0):
 garbage-first heap   total 1990656K, used 881671K [0x0000000405000000, 0x0000000800000000)
  region size 8192K, 2 young (16384K), 1 survivors (8192K)
 Metaspace       used 25302K, committed 25728K, reserved 1114112K
  class space    used 3024K, committed 3200K, reserved 1048576K
}
Event: 536460.722 GC heap after
{Heap after GC invocations=322288 (full 0):
 garbage-first heap   total 1990656K, used 46087K [0x0000000405000000, 0x0000000800000000)
  region size 8192K, 1 young (8192K), 1 survivors (8192K)
 Metaspace       used 25302K, committed 25728K, reserved 1114112K
  class space    used 3024K, committed 3200K, reserved 1048576K
}
Event: 536461.979 GC heap before
{Heap before GC invocations=322288 (full 0):
 garbage-first heap   total 1990656K, used 881671K [0x0000000405000000, 0x0000000800000000)
  region size 8192K, 2 young (16384K), 1 survivors (8192K)
 Metaspace       used 25302K, committed 25728K, reserved 1114112K
  class space    used 3024K, committed 3200K, reserved 1048576K
}
Event: 536462.073 GC heap after
{Heap after GC invocations=322289 (full 0):
 garbage-first heap   total 1990656K, used 46087K [0x0000000405000000, 0x0000000800000000)
  region size 8192K, 1 young (8192K), 1 survivors (8192K)
 Metaspace       used 25302K, committed 25728K, reserved 1114112K
  class space    used 3024K, committed 3200K, reserved 1048576K
}
Event: 536463.203 GC heap before
{Heap before GC invocations=322289 (full 0):
 garbage-first heap   total 1990656K, used 881671K [0x0000000405000000, 0x0000000800000000)
  region size 8192K, 2 young (16384K), 1 survivors (8192K)
 Metaspace       used 25302K, committed 25728K, reserved 1114112K
  class space    used 3024K, committed 3200K, reserved 1048576K
}
Event: 536463.249 GC heap after
{Heap after GC invocations=322290 (full 0):
 garbage-first heap   total 1990656K, used 46087K [0x0000000405000000, 0x0000000800000000)
  region size 8192K, 1 young (8192K), 1 survivors (8192K)
 Metaspace       used 25302K, committed 25728K, reserved 1114112K
  class space    used 3024K, committed 3200K, reserved 1048576K
}
Event: 536464.853 GC heap before
{Heap before GC invocations=322290 (full 0):
 garbage-first heap   total 1990656K, used 881671K [0x0000000405000000, 0x0000000800000000)
  region size 8192K, 2 young (16384K), 1 survivors (8192K)
 Metaspace       used 25302K, committed 25728K, reserved 1114112K
  class space    used 3024K, committed 3200K, reserved 1048576K
}

Dll operation events (10 events):
Event: 0.010 Loaded shared library C:\Program Files\Java\jdk-21\bin\java.dll
Event: 0.053 Loaded shared library C:\Program Files\Java\jdk-21\bin\jsvml.dll
Event: 0.119 Loaded shared library C:\Program Files\Java\jdk-21\bin\net.dll
Event: 0.121 Loaded shared library C:\Program Files\Java\jdk-21\bin\nio.dll
Event: 0.127 Loaded shared library C:\Program Files\Java\jdk-21\bin\zip.dll
Event: 0.336 Loaded shared library C:\Program Files\Java\jdk-21\bin\jimage.dll
Event: 0.495 Loaded shared library C:\Program Files\Java\jdk-21\bin\extnet.dll
Event: 0.614 Loaded shared library C:\Program Files\Java\jdk-21\bin\sunmscapi.dll
Event: 2.098 Loaded shared library C:\Program Files\Java\jdk-21\bin\management.dll
Event: 2.103 Loaded shared library C:\Program Files\Java\jdk-21\bin\management_ext.dll

Deoptimization events (20 events):
Event: 6.714 Thread 0x00000295be066bf0 Uncommon trap: trap_request=0xffffffde fr.pc=0x00000295d043958c relative=0x00000000000008ac
Event: 6.714 Thread 0x00000295be066bf0 Uncommon trap: reason=class_check action=maybe_recompile pc=0x00000295d043958c method=java.util.HashMap.putVal(ILjava/lang/Object;Ljava/lang/Object;ZZ)Ljava/lang/Object; @ 91 c2
Event: 6.714 Thread 0x00000295be066bf0 DEOPT PACKING pc=0x00000295d043958c sp=0x000000ebbedfe490
Event: 6.714 Thread 0x00000295be066bf0 DEOPT UNPACKING pc=0x00000295cfc546a2 sp=0x000000ebbedfe3c8 mode 2
Event: 6.714 Thread 0x00000295be066bf0 Uncommon trap: trap_request=0xffffffde fr.pc=0x00000295d043958c relative=0x00000000000008ac
Event: 6.714 Thread 0x00000295be066bf0 Uncommon trap: reason=class_check action=maybe_recompile pc=0x00000295d043958c method=java.util.HashMap.putVal(ILjava/lang/Object;Ljava/lang/Object;ZZ)Ljava/lang/Object; @ 91 c2
Event: 6.714 Thread 0x00000295be066bf0 DEOPT PACKING pc=0x00000295d043958c sp=0x000000ebbedfe490
Event: 6.714 Thread 0x00000295be066bf0 DEOPT UNPACKING pc=0x00000295cfc546a2 sp=0x000000ebbedfe3c8 mode 2
Event: 6.714 Thread 0x00000295be066bf0 Uncommon trap: trap_request=0xffffff45 fr.pc=0x00000295d03d5bdc relative=0x000000000000019c
Event: 6.714 Thread 0x00000295be066bf0 Uncommon trap: reason=unstable_if action=reinterpret pc=0x00000295d03d5bdc method=java.util.HashMap.getNode(Ljava/lang/Object;)Ljava/util/HashMap$Node; @ 66 c2
Event: 6.714 Thread 0x00000295be066bf0 DEOPT PACKING pc=0x00000295d03d5bdc sp=0x000000ebbedfe480
Event: 6.714 Thread 0x00000295be066bf0 DEOPT UNPACKING pc=0x00000295cfc546a2 sp=0x000000ebbedfe400 mode 2
Event: 6.714 Thread 0x00000295be066bf0 Uncommon trap: trap_request=0xffffffde fr.pc=0x00000295d03c167c relative=0x0000000000000ffc
Event: 6.714 Thread 0x00000295be066bf0 Uncommon trap: reason=class_check action=maybe_recompile pc=0x00000295d03c167c method=java.util.concurrent.ConcurrentHashMap.putVal(Ljava/lang/Object;Ljava/lang/Object;Z)Ljava/lang/Object; @ 242 c2
Event: 6.714 Thread 0x00000295be066bf0 DEOPT PACKING pc=0x00000295d03c167c sp=0x000000ebbedfe730
Event: 6.714 Thread 0x00000295be066bf0 DEOPT UNPACKING pc=0x00000295cfc546a2 sp=0x000000ebbedfe6c0 mode 2
Event: 8.696 Thread 0x00000295be066bf0 DEOPT PACKING pc=0x00000295c8df78af sp=0x000000ebbedfe750
Event: 8.696 Thread 0x00000295be066bf0 DEOPT UNPACKING pc=0x00000295cfc54e42 sp=0x000000ebbedfdc38 mode 0
Event: 418721.328 Thread 0x00000295ec3f9ff0 DEOPT PACKING pc=0x00000295c8e2927b sp=0x000000ebc17fefb0
Event: 418721.329 Thread 0x00000295ec3f9ff0 DEOPT UNPACKING pc=0x00000295cfc54e42 sp=0x000000ebc17fe798 mode 0

Classes loaded (20 events):
Event: 5.680 Loading class java/util/stream/WhileOps$1Op
Event: 5.680 Loading class java/util/stream/WhileOps$DropWhileOp
Event: 5.680 Loading class java/util/stream/WhileOps$DropWhileOp done
Event: 5.680 Loading class java/util/stream/WhileOps$1Op done
Event: 5.682 Loading class java/util/stream/WhileOps$1Op$1OpSink
Event: 5.682 Loading class java/util/stream/WhileOps$DropWhileSink
Event: 5.682 Loading class java/util/stream/WhileOps$DropWhileSink done
Event: 5.682 Loading class java/util/stream/WhileOps$1Op$1OpSink done
Event: 6.389 Loading class sun/security/ssl/Alert
Event: 6.390 Loading class sun/security/ssl/Alert done
Event: 6.390 Loading class sun/security/ssl/Alert$AlertConsumer
Event: 6.390 Loading class sun/security/ssl/Alert$AlertConsumer done
Event: 6.390 Loading class sun/security/ssl/Alert$Level
Event: 6.391 Loading class sun/security/ssl/Alert$Level done
Event: 6.715 Loading class jdk/internal/reflect/MethodHandleLongFieldAccessorImpl
Event: 6.715 Loading class jdk/internal/reflect/MethodHandleLongFieldAccessorImpl done
Event: 55.731 Loading class java/nio/StringCharBuffer
Event: 55.731 Loading class java/nio/StringCharBuffer done
Event: 350.985 Loading class sun/net/ConnectionResetException
Event: 350.985 Loading class sun/net/ConnectionResetException done

Classes unloaded (0 events):
No events

Classes redefined (0 events):
No events

Internal exceptions (20 events):
Event: 3.056 Thread 0x00000295be066bf0 Exception <a 'java/lang/IncompatibleClassChangeError'{0x0000000444a4acf0}: Found class java.lang.Object, but interface was expected> (0x0000000444a4acf0) 
thrown [s\open\src\hotspot\share\interpreter\linkResolver.cpp, line 840]
Event: 3.060 Thread 0x00000295be066bf0 Exception <a 'java/lang/NoSuchMethodError'{0x0000000444a521b8}: 'int java.lang.invoke.DirectMethodHandle$Holder.invokeSpecialIFC(java.lang.Object, java.lang.Object, java.lang.Object, java.lang.Object)'> (0x0000000444a521b8) 
thrown [s\open\src\hotspot\share\interpreter\linkResolver.cpp, line 773]
Event: 3.068 Thread 0x00000295be066bf0 Exception <a 'java/lang/NoSuchMethodError'{0x0000000444a70558}: 'java.lang.Object java.lang.invoke.DirectMethodHandle$Holder.invokeVirtual(java.lang.Object, java.lang.Object, java.lang.Object, java.lang.Object)'> (0x0000000444a70558) 
thrown [s\open\src\hotspot\share\interpreter\linkResolver.cpp, line 773]
Event: 3.086 Thread 0x00000296368d8ed0 Exception <a 'java/net/ConnectException'{0x0000000444b41548}: Connection refused: getsockopt> (0x0000000444b41548) 
thrown [s\open\src\hotspot\share\prims\jni.cpp, line 539]
Event: 3.115 Thread 0x00000296368d8ed0 Exception <a 'java/net/ConnectException'{0x0000000444b42550}: Connection refused: getsockopt> (0x0000000444b42550) 
thrown [s\open\src\hotspot\share\prims\jni.cpp, line 539]
Event: 3.170 Thread 0x00000295be066bf0 Exception <a 'java/lang/NoSuchMethodError'{0x0000000444bca120}: 'java.lang.Object java.lang.invoke.DirectMethodHandle$Holder.newInvokeSpecial(java.lang.Object, java.lang.Object, int, int)'> (0x0000000444bca120) 
thrown [s\open\src\hotspot\share\interpreter\linkResolver.cpp, line 773]
Event: 3.171 Thread 0x00000295be066bf0 Exception <a 'java/lang/NoSuchMethodError'{0x0000000444bd45b8}: 'void java.lang.invoke.DirectMethodHandle$Holder.invokeStatic(java.lang.Object, java.lang.Object, int)'> (0x0000000444bd45b8) 
thrown [s\open\src\hotspot\share\interpreter\linkResolver.cpp, line 773]
Event: 3.219 Thread 0x00000296368d8840 Exception <a 'java/lang/NoSuchMethodError'{0x0000000444df2f38}: 'java.lang.Object java.lang.invoke.DirectMethodHandle$Holder.invokeSpecial(java.lang.Object, java.lang.Object, java.lang.Object, java.lang.Object, int)'> (0x0000000444df2f38) 
thrown [s\open\src\hotspot\share\interpreter\linkResolver.cpp, line 773]
Event: 3.220 Thread 0x00000296368d8840 Exception <a 'java/lang/NoSuchMethodError'{0x0000000444df6880}: 'java.lang.Object java.lang.invoke.Invokers$Holder.linkToTargetMethod(java.lang.Object, java.lang.Object, int, java.lang.Object)'> (0x0000000444df6880) 
thrown [s\open\src\hotspot\share\interpreter\linkResolver.cpp, line 773]
Event: 3.236 Thread 0x00000296368d8840 Exception <a 'java/lang/NoSuchMethodError'{0x0000000444e35a98}: 'void java.lang.invoke.DirectMethodHandle$Holder.invokeSpecial(java.lang.Object, java.lang.Object, java.lang.Object, java.lang.Object, java.lang.Object)'> (0x0000000444e35a98) 
thrown [s\open\src\hotspot\share\interpreter\linkResolver.cpp, line 773]
Event: 4.036 Thread 0x00000296368da910 Exception <a 'java/lang/NoSuchMethodError'{0x0000000444f469e8}: 'void java.lang.invoke.DirectMethodHandle$Holder.invokeSpecial(java.lang.Object, java.lang.Object, java.lang.Object, java.lang.Object, java.lang.Object, java.lang.Object, java.lang.Object)'> (0x0000000444f469e8) 
thrown [s\open\src\hotspot\share\interpreter\linkResolver.cpp, line 773]
Event: 4.052 Thread 0x00000295be066bf0 Exception <a 'java/lang/NoSuchMethodError'{0x0000000444c6ef78}: 'java.lang.Object java.lang.invoke.DirectMethodHandle$Holder.invokeSpecialIFC(java.lang.Object, java.lang.Object, java.lang.Object)'> (0x0000000444c6ef78) 
thrown [s\open\src\hotspot\share\interpreter\linkResolver.cpp, line 773]
Event: 4.202 Thread 0x00000295be066bf0 Exception <a 'java/lang/NoSuchMethodError'{0x000000040aab6150}: 'java.lang.Object java.lang.invoke.DirectMethodHandle$Holder.invokeStatic(java.lang.Object, int, java.lang.Object)'> (0x000000040aab6150) 
thrown [s\open\src\hotspot\share\interpreter\linkResolver.cpp, line 773]
Event: 4.209 Thread 0x00000295be066bf0 Exception <a 'java/lang/ClassNotFoundException'{0x000000040aacaf98}: sun/util/logging/resources/spi/loggingProvider> (0x000000040aacaf98) 
thrown [s\open\src\hotspot\share\classfile\systemDictionary.cpp, line 312]
Event: 5.166 Thread 0x00000295be066bf0 Exception <a 'java/lang/NoSuchMethodError'{0x000000040abeac48}: 'void java.lang.invoke.DirectMethodHandle$Holder.invokeInterface(java.lang.Object, java.lang.Object)'> (0x000000040abeac48) 
thrown [s\open\src\hotspot\share\interpreter\linkResolver.cpp, line 773]
Event: 5.713 Thread 0x00000295be066bf0 Implicit null exception at 0x00000295d042ed05 to 0x00000295d042ef9c
Event: 6.715 Thread 0x00000295be066bf0 Exception <a 'java/lang/NoSuchMethodError'{0x000000040addd580}: 'long java.lang.invoke.DelegatingMethodHandle$Holder.reinvoke_L(java.lang.Object, java.lang.Object)'> (0x000000040addd580) 
thrown [s\open\src\hotspot\share\interpreter\linkResolver.cpp, line 773]
Event: 6.717 Thread 0x00000295be066bf0 Exception <a 'java/lang/NoSuchMethodError'{0x000000040ade7248}: 'void java.lang.invoke.DelegatingMethodHandle$Holder.reinvoke_L(java.lang.Object, java.lang.Object, long)'> (0x000000040ade7248) 
thrown [s\open\src\hotspot\share\interpreter\linkResolver.cpp, line 773]
Event: 6.717 Thread 0x00000295be066bf0 Exception <a 'java/lang/NoSuchMethodError'{0x000000040adeda28}: 'long java.lang.invoke.Invokers$Holder.invokeExact_MT(java.lang.Object, java.lang.Object, java.lang.Object)'> (0x000000040adeda28) 
thrown [s\open\src\hotspot\share\interpreter\linkResolver.cpp, line 773]
Event: 350.985 Thread 0x00000295ec3fba30 Exception <a 'sun/net/ConnectionResetException'{0x000000047e6b4cc0}: Connection reset> (0x000000047e6b4cc0) 
thrown [s\open\src\hotspot\share\prims\jni.cpp, line 539]

ZGC Phase Switch (0 events):
No events

VM Operations (20 events):
Event: 536450.104 Executing VM operation: G1TryInitiateConcMark (G1 Humongous Allocation) done
Event: 536451.964 Executing VM operation: G1TryInitiateConcMark (G1 Humongous Allocation)
Event: 536451.992 Executing VM operation: G1TryInitiateConcMark (G1 Humongous Allocation) done
Event: 536453.575 Executing VM operation: G1TryInitiateConcMark (G1 Humongous Allocation)
Event: 536453.593 Executing VM operation: G1TryInitiateConcMark (G1 Humongous Allocation) done
Event: 536455.229 Executing VM operation: G1TryInitiateConcMark (G1 Humongous Allocation)
Event: 536455.335 Executing VM operation: G1TryInitiateConcMark (G1 Humongous Allocation) done
Event: 536456.748 Executing VM operation: G1TryInitiateConcMark (G1 Humongous Allocation)
Event: 536456.757 Executing VM operation: G1TryInitiateConcMark (G1 Humongous Allocation) done
Event: 536458.229 Executing VM operation: G1TryInitiateConcMark (G1 Humongous Allocation)
Event: 536458.241 Executing VM operation: G1TryInitiateConcMark (G1 Humongous Allocation) done
Event: 536459.395 Executing VM operation: G1TryInitiateConcMark (G1 Humongous Allocation)
Event: 536459.405 Executing VM operation: G1TryInitiateConcMark (G1 Humongous Allocation) done
Event: 536460.692 Executing VM operation: G1TryInitiateConcMark (G1 Humongous Allocation)
Event: 536460.722 Executing VM operation: G1TryInitiateConcMark (G1 Humongous Allocation) done
Event: 536461.979 Executing VM operation: G1TryInitiateConcMark (G1 Humongous Allocation)
Event: 536462.073 Executing VM operation: G1TryInitiateConcMark (G1 Humongous Allocation) done
Event: 536463.203 Executing VM operation: G1TryInitiateConcMark (G1 Humongous Allocation)
Event: 536463.249 Executing VM operation: G1TryInitiateConcMark (G1 Humongous Allocation) done
Event: 536464.853 Executing VM operation: G1TryInitiateConcMark (G1 Humongous Allocation)

Events (20 events):
Event: 4.017 Thread 0x00000295ef64ff50 Thread exited: 0x00000295ef64ff50
Event: 4.113 Thread 0x00000296368db630 Thread added: 0x00000296368db630
Event: 4.115 Thread 0x00000296368dbcc0 Thread added: 0x00000296368dbcc0
Event: 4.120 Thread 0x00000296368da280 Thread added: 0x00000296368da280
Event: 4.121 Thread 0x00000296368dd700 Thread added: 0x00000296368dd700
Event: 4.121 Thread 0x00000296368dd070 Thread added: 0x00000296368dd070
Event: 5.016 Thread 0x00000295ef60b330 Thread exited: 0x00000295ef60b330
Event: 5.016 Thread 0x00000295ef5ec290 Thread exited: 0x00000295ef5ec290
Event: 16.419 Thread 0x00000295ec3fd470 Thread exited: 0x00000295ec3fd470
Event: 63.163 Thread 0x00000296368d8ed0 Thread exited: 0x00000296368d8ed0
Event: 63.258 Thread 0x00000296368d81b0 Thread exited: 0x00000296368d81b0
Event: 64.123 Thread 0x00000296368da280 Thread exited: 0x00000296368da280
Event: 64.152 Thread 0x00000296368dd700 Thread exited: 0x00000296368dd700
Event: 64.152 Thread 0x00000296368dd070 Thread exited: 0x00000296368dd070
Event: 64.168 Thread 0x00000295ec3fb3a0 Thread exited: 0x00000295ec3fb3a0
Event: 66.757 Thread 0x00000296368da910 Thread exited: 0x00000296368da910
Event: 66.773 Thread 0x00000296368d8840 Thread exited: 0x00000296368d8840
Event: 66.773 Thread 0x00000296368d9bf0 Thread exited: 0x00000296368d9bf0
Event: 115.751 Thread 0x00000296368dbcc0 Thread exited: 0x00000296368dbcc0
Event: 350.985 Thread 0x00000295ec3fba30 Thread exited: 0x00000295ec3fba30


Dynamic libraries:
0x00007ff7e4050000 - 0x00007ff7e4060000 	C:\Program Files\Java\jdk-21\bin\javaw.exe
0x00007ffd87560000 - 0x00007ffd877c7000 	C:\WINDOWS\SYSTEM32\ntdll.dll
0x00007ffd862e0000 - 0x00007ffd863a9000 	C:\WINDOWS\System32\KERNEL32.DLL
0x00007ffd84690000 - 0x00007ffd84a80000 	C:\WINDOWS\System32\KERNELBASE.dll
0x00007ffd84a90000 - 0x00007ffd84bdb000 	C:\WINDOWS\System32\ucrtbase.dll
0x00007ffd5dc20000 - 0x00007ffd5dc39000 	C:\Program Files\Java\jdk-21\bin\jli.dll
0x00007ffd6b650000 - 0x00007ffd6b66b000 	C:\Program Files\Java\jdk-21\bin\VCRUNTIME140.dll
0x00007ffd864d0000 - 0x00007ffd86584000 	C:\WINDOWS\System32\ADVAPI32.dll
0x00007ffd871f0000 - 0x00007ffd87299000 	C:\WINDOWS\System32\msvcrt.dll
0x00007ffd86230000 - 0x00007ffd862d6000 	C:\WINDOWS\System32\sechost.dll
0x00007ffd852f0000 - 0x00007ffd85408000 	C:\WINDOWS\System32\RPCRT4.dll
0x00007ffd872a0000 - 0x00007ffd87465000 	C:\WINDOWS\System32\USER32.dll
0x00007ffd850c0000 - 0x00007ffd850e7000 	C:\WINDOWS\System32\win32u.dll
0x00007ffd69830000 - 0x00007ffd69aca000 	C:\WINDOWS\WinSxS\amd64_microsoft.windows.common-controls_6595b64144ccf1df_6.0.26100.4768_none_3e0c112ce331287c\COMCTL32.dll
0x00007ffd858a0000 - 0x00007ffd858cb000 	C:\WINDOWS\System32\GDI32.dll
0x00007ffd851b0000 - 0x00007ffd852e8000 	C:\WINDOWS\System32\gdi32full.dll
0x00007ffd84be0000 - 0x00007ffd84c83000 	C:\WINDOWS\System32\msvcp_win.dll
0x00007ffd7a3e0000 - 0x00007ffd7a3eb000 	C:\WINDOWS\SYSTEM32\VERSION.dll
0x00007ffd861f0000 - 0x00007ffd8621f000 	C:\WINDOWS\System32\IMM32.DLL
0x00007ffd7c7b0000 - 0x00007ffd7c7bc000 	C:\Program Files\Java\jdk-21\bin\vcruntime140_1.dll
0x00007ffd39fb0000 - 0x00007ffd3a03e000 	C:\Program Files\Java\jdk-21\bin\msvcp140.dll
0x00007ffccac90000 - 0x00007ffccb9a7000 	C:\Program Files\Java\jdk-21\bin\server\jvm.dll
0x00007ffd858f0000 - 0x00007ffd85964000 	C:\WINDOWS\System32\WS2_32.dll
0x00007ffd844f0000 - 0x00007ffd8454e000 	C:\WINDOWS\SYSTEM32\POWRPROF.dll
0x00007ffd78a10000 - 0x00007ffd78a45000 	C:\WINDOWS\SYSTEM32\WINMM.dll
0x00007ffd844d0000 - 0x00007ffd844e4000 	C:\WINDOWS\SYSTEM32\UMPDC.dll
0x00007ffd832a0000 - 0x00007ffd832bb000 	C:\WINDOWS\SYSTEM32\kernel.appcore.dll
0x00007ffd7c410000 - 0x00007ffd7c41a000 	C:\Program Files\Java\jdk-21\bin\jimage.dll
0x00007ffd81270000 - 0x00007ffd814b1000 	C:\WINDOWS\SYSTEM32\DBGHELP.DLL
0x00007ffd85510000 - 0x00007ffd85895000 	C:\WINDOWS\System32\combase.dll
0x00007ffd870f0000 - 0x00007ffd871d0000 	C:\WINDOWS\System32\OLEAUT32.dll
0x00007ffd4f1b0000 - 0x00007ffd4f1f3000 	C:\WINDOWS\SYSTEM32\dbgcore.DLL
0x00007ffd84d20000 - 0x00007ffd84db9000 	C:\WINDOWS\System32\bcryptPrimitives.dll
0x00007ffd589c0000 - 0x00007ffd589df000 	C:\Program Files\Java\jdk-21\bin\java.dll
0x00007ffd86770000 - 0x00007ffd86ebd000 	C:\WINDOWS\System32\SHELL32.dll
0x00007ffd84f40000 - 0x00007ffd850b3000 	C:\WINDOWS\System32\wintypes.dll
0x00007ffd81ef0000 - 0x00007ffd82750000 	C:\WINDOWS\SYSTEM32\windows.storage.dll
0x00007ffd85410000 - 0x00007ffd85505000 	C:\WINDOWS\System32\SHCORE.dll
0x00007ffd86700000 - 0x00007ffd8676a000 	C:\WINDOWS\System32\shlwapi.dll
0x00007ffd845b0000 - 0x00007ffd845d9000 	C:\WINDOWS\SYSTEM32\profapi.dll
0x00007ffd30fb0000 - 0x00007ffd31087000 	C:\Program Files\Java\jdk-21\bin\jsvml.dll
0x00007ffd72380000 - 0x00007ffd72390000 	C:\Program Files\Java\jdk-21\bin\net.dll
0x00007ffd832c0000 - 0x00007ffd833de000 	C:\WINDOWS\SYSTEM32\WINHTTP.dll
0x00007ffd83940000 - 0x00007ffd839ab000 	C:\WINDOWS\system32\mswsock.dll
0x00007ffd54d50000 - 0x00007ffd54d66000 	C:\Program Files\Java\jdk-21\bin\nio.dll
0x00007ffd54d30000 - 0x00007ffd54d48000 	C:\Program Files\Java\jdk-21\bin\zip.dll
0x00007ffd82a80000 - 0x00007ffd82ba6000 	C:\WINDOWS\SYSTEM32\DNSAPI.dll
0x00007ffd82a40000 - 0x00007ffd82a73000 	C:\WINDOWS\SYSTEM32\IPHLPAPI.DLL
0x00007ffd871e0000 - 0x00007ffd871ea000 	C:\WINDOWS\System32\NSI.dll
0x00007ffd7b7f0000 - 0x00007ffd7b7fb000 	C:\Windows\System32\rasadhlp.dll
0x00007ffd7bf10000 - 0x00007ffd7bf96000 	C:\WINDOWS\System32\fwpuclnt.dll
0x00007ffd6c1c0000 - 0x00007ffd6c1c9000 	C:\Program Files\Java\jdk-21\bin\extnet.dll
0x00007ffd6c250000 - 0x00007ffd6c25e000 	C:\Program Files\Java\jdk-21\bin\sunmscapi.dll
0x00007ffd84dc0000 - 0x00007ffd84f37000 	C:\WINDOWS\System32\CRYPT32.dll
0x00007ffd83e80000 - 0x00007ffd83eb0000 	C:\WINDOWS\SYSTEM32\ncrypt.dll
0x00007ffd83e30000 - 0x00007ffd83e6f000 	C:\WINDOWS\SYSTEM32\NTASN1.dll
0x00007ffd83d20000 - 0x00007ffd83d3b000 	C:\WINDOWS\SYSTEM32\CRYPTSP.dll
0x00007ffd83200000 - 0x00007ffd8323b000 	C:\WINDOWS\system32\rsaenh.dll
0x00007ffd839e0000 - 0x00007ffd83a0b000 	C:\WINDOWS\SYSTEM32\USERENV.dll
0x00007ffd84580000 - 0x00007ffd845a6000 	C:\WINDOWS\SYSTEM32\bcrypt.dll
0x00007ffd83b80000 - 0x00007ffd83b8c000 	C:\WINDOWS\SYSTEM32\CRYPTBASE.dll
0x00007ffd6d5b0000 - 0x00007ffd6d5ba000 	C:\Program Files\Java\jdk-21\bin\management.dll
0x00007ffd6d2e0000 - 0x00007ffd6d2eb000 	C:\Program Files\Java\jdk-21\bin\management_ext.dll
0x00007ffd858d0000 - 0x00007ffd858d8000 	C:\WINDOWS\System32\PSAPI.DLL
0x00007ffcde940000 - 0x00007ffcde958000 	C:\WINDOWS\system32\napinsp.dll
0x00007ffcde960000 - 0x00007ffcde972000 	C:\WINDOWS\System32\winrnr.dll
0x00007ffced730000 - 0x00007ffced760000 	C:\WINDOWS\system32\nlansp_c.dll
0x00007ffd48120000 - 0x00007ffd48140000 	C:\WINDOWS\system32\wshbth.dll
0x00007ffd51230000 - 0x00007ffd51238000 	C:\WINDOWS\system32\wshunix.dll

dbghelp: loaded successfully - version: 4.0.5 - missing functions: none
symbol engine: initialized successfully - sym options: 0x614 - pdb path: .;C:\Program Files\Java\jdk-21\bin;C:\WINDOWS\SYSTEM32;C:\WINDOWS\WinSxS\amd64_microsoft.windows.common-controls_6595b64144ccf1df_6.0.26100.4768_none_3e0c112ce331287c;C:\Program Files\Java\jdk-21\bin\server

VM Arguments:
jvm_args: -ea -Dfile.encoding=UTF-8 -Dstdout.encoding=UTF-8 -Dstderr.encoding=UTF-8 -XX:+ShowCodeDetailsInExceptionMessages 
java_command: org.testng.remote.RemoteTestNG -serport 54314 -protocol json -d C:\Users\SonalGhate\eclipse-workspace\DemoWebShop\test-output C:\Users\SONALG~1\AppData\Local\Temp\testng-eclipse--1412809034\testng-customsuite.xml
java_class_path (initial): C:\Users\SonalGhate\eclipse\java-2023-12\eclipse\configuration\org.eclipse.osgi\520\0\.cp\lib\testng-remote.jar;C:\Users\SonalGhate\eclipse-workspace\DemoWebShop\target\test-classes;C:\Users\SonalGhate\eclipse-workspace\DemoWebShop\target\classes;C:\Users\SonalGhate\.m2\repository\org\seleniumhq\selenium\selenium-java\4.35.0\selenium-java-4.35.0.jar;C:\Users\SonalGhate\.m2\repository\org\seleniumhq\selenium\selenium-api\4.35.0\selenium-api-4.35.0.jar;C:\Users\SonalGhate\.m2\repository\org\jspecify\jspecify\1.0.0\jspecify-1.0.0.jar;C:\Users\SonalGhate\.m2\repository\org\seleniumhq\selenium\selenium-chrome-driver\4.35.0\selenium-chrome-driver-4.35.0.jar;C:\Users\SonalGhate\.m2\repository\com\google\auto\service\auto-service-annotations\1.1.1\auto-service-annotations-1.1.1.jar;C:\Users\SonalGhate\.m2\repository\org\seleniumhq\selenium\selenium-chromium-driver\4.35.0\selenium-chromium-driver-4.35.0.jar;C:\Users\SonalGhate\.m2\repository\org\seleniumhq\selenium\selenium-json\4.35.0\selenium-json-4.35.0.jar;C:\Users\SonalGhate\.m2\repository\org\seleniumhq\selenium\selenium-manager\4.35.0\selenium-manager-4.35.0.jar;C:\Users\SonalGhate\.m2\repository\org\seleniumhq\selenium\selenium-devtools-v137\4.35.0\selenium-devtools-v137-4.35.0.jar;C:\Users\SonalGhate\.m2\repository\org\seleniumhq\selenium\selenium-devtools-v138\4.35.0\selenium-devtools-v138-4.35.0.jar;C:\Users\SonalGhate\.m2\repository\org\seleniumhq\selenium\selenium-devtools-v139\4.35.0\selenium-devtools-v139-4.35.0.jar;C:\Users\SonalGhate\.m2\repository\org\seleniumhq\selenium\selenium-edge-driver\4.35.0\selenium-edge-driver-4.35.0.jar;C:\Users\SonalGhate\.m2\repository\org\seleniumhq\selenium\selenium-firefox-driver\4.35.0\selenium-firefox-driver-4.35.0.jar;C:\Users\SonalGhate\.m2\repository\org\seleniumhq\selenium\selenium-http\4.35.0\selenium-http-4.35.0.jar;C:\Users\SonalGhate\.m2\repository\org\seleniumhq\selenium\selenium-ie-driver\4.35.0\selenium-ie-driver-4.35.0.jar;C:\Users\SonalGhate\.m2\repository\org\seleniumhq\selenium\selenium-remote-driver\4.35.0\selenium-remote-driver-4.35.0.jar;C:\Users\SonalGhate\.m2\repository\com\google\guava\guava\33.4.8-jre\guava-33.4.8-jre.jar;C:\Users\SonalGhate\.m2\repository\com\google\guava\failureaccess\1.0.3\failureaccess-1.0.3.jar;C:\Users\SonalGhate\.m2\repository\com\google\guava\listenablefuture\9999.0-empty-to-avoid-conflict-with-guava\listenablefuture-9999.0-empty-to-avoid-conflict-with-guava.jar;C:\Users\SonalGhate\.m2\repository\com\google\errorprone\error_prone_annotations\2.36.0\error_prone_annotations-2.36.0.jar;C:\Users\SonalGhate\.m2\repository\com\google\j2objc\j2objc-annotations\3.0.0\j2objc-annotations-3.0.0.jar;C:\Users\SonalGhate\.m2\repository\io\opentelemetry\opentelemetry-api\1.53.0\opentelemetry-api-1.53.0.jar;C:\Users\SonalGhate\.m2\repository\io\opentelemetry\opentelemetry-context\1.53.0\opentelemetry-context-1.53.0.jar;C:\Users\SonalGhate\.m2\repository\io\opentelemetry\opentelemetry-common\1.53.0\opentelemetry-common-1.53.0.jar;C:\Users\SonalGhate\.m2\repository\io\opentelemetry\opentelemetry-exporter-logging\1.53.0\opentelemetry-exporter-logging-1.53.0.jar;C:\Users\SonalGhate\.m2\repository\io\opentelemetry\opentelemetry-sdk-common\1.53.0\opentelemetry-sdk-common-1.53.0.jar;C:\Users\SonalGhate\.m2\repository\io\opentelemetry\opentelemetry-sdk-extension-autoconfigure-spi\1.53.0\opentelemetry-sdk-extension-autoconfigure-spi-1.53.0.jar;C:\Users\SonalGhate\.m2\repository\io\opentelemetry\opentelemetry-sdk-extension-autoconfigure\1.53.0\opentelemetry-sdk-extension-autoconfigure-1.53.0.jar;C:\Users\SonalGhate\.m2\repository\io\opentelemetry\opentelemetry-sdk-trace\1.53.0\opentelemetry-sdk-trace-1.53.0.jar;C:\Users\SonalGhate\.m2\repository\io\opentelemetry\opentelemetry-sdk\1.53.0\opentelemetry-sdk-1.53.0.jar;C:\Users\SonalGhate\.m2\repository\io\opentelemetry\opentelemetry-sdk-metrics\1.53.0\opentelemetry-sdk-metrics-1.53.0.jar;C:\Users\SonalGhate\.m2\repository\io\opentelemetry\opentelemetry-sdk-logs\1.53.0\opentelemetry-sdk-logs-1.53.0.jar;C:\Users\SonalGhate\.m2\repository\net\bytebuddy\byte-buddy\1.17.6\byte-buddy-1.17.6.jar;C:\Users\SonalGhate\.m2\repository\org\seleniumhq\selenium\selenium-os\4.35.0\selenium-os-4.35.0.jar;C:\Users\SonalGhate\.m2\repository\org\apache\commons\commons-exec\1.5.0\commons-exec-1.5.0.jar;C:\Users\SonalGhate\.m2\repository\org\seleniumhq\selenium\selenium-safari-driver\4.35.0\selenium-safari-driver-4.35.0.jar;C:\Users\SonalGhate\.m2\repository\org\seleniumhq\selenium\selenium-support\4.35.0\selenium-support-4.35.0.jar;C:\Users\SonalGhate\.m2\repository\org\testng\testng\6.14.3\testng-6.14.3.jar;C:\Users\SonalGhate\.m2\repository\com\beust\jcommander\1.72\jcommander-1.72.jar;C:\Users\SonalGhate\.m2\repository\org\apache-extras\beanshell\bsh\2.0b6\bsh-2.0b6.jar;C:\Users\SonalGhate\.m2\repository\org\apache\poi\poi-ooxml\5.2.5\poi-ooxml-5.2.5.jar;C:\Users\SonalGhate\.m2\repository\org\apache\poi\poi-ooxml-lite\5.2.5\poi-ooxml-lite-5.2.5.jar;C:\Users\SonalGhate\.m2\repository\org\apache\xmlbeans\xmlbeans\5.2.0\xmlbeans-5.2.0.jar;C:\Users\SonalGhate\.m2\repository\org\apache\commons\commons-compress\1.25.0\commons-compress-1.25.0.jar;C:\Users\SonalGhate\.m2\repository\commons-io\commons-io\2.15.0\commons-io-2.15.0.jar;C:\Users\SonalGhate\.m2\repository\com\github\virtuald\curvesapi\1.08\curvesapi-1.08.jar;C:\Users\SonalGhate\.m2\repository\org\apache\commons\commons-collections4\4.4\commons-collections4-4.4.jar;C:\Users\SonalGhate\.m2\repository\org\apache\poi\poi\5.2.5\poi-5.2.5.jar;C:\Users\SonalGhate\.m2\repository\commons-codec\commons-codec\1.16.0\commons-codec-1.16.0.jar;C:\Users\SonalGhate\.m2\repository\org\apache\commons\commons-math3\3.6.1\commons-math3-3.6.1.jar;C:\Users\SonalGhate\.m2\repository\com\zaxxer\SparseBitSet\1.3\SparseBitSet-1.3.jar;C:\Users\SonalGhate\.m2\repository\org\apache\logging\log4j\log4j-core\2.23.1\log4j-core-2.23.1.jar;C:\Users\SonalGhate\.m2\repository\org\apache\logging\log4j\log4j-api\2.23.1\log4j-api-2.23.1.jar;C:\Users\SonalGhate\.m2\repository\com\aventstack\extentreports\5.1.1\extentreports-5.1.1.jar;C:\Users\SonalGhate\.m2\repository\io\reactivex\rxjava3\rxjava\3.1.6\rxjava-3.1.6.jar;C:\Users\SonalGhate\.m2\repository\org\reactivestreams\reactive-streams\1.0.4\reactive-streams-1.0.4.jar;C:\Users\SonalGhate\.m2\repository\org\freemarker\freemarker\2.3.32\freemarker-2.3.32.jar;C:\Users\SonalGhate\.m2\repository\org\projectlombok\lombok\1.18.26\lombok-1.18.26.jar;C:\Users\SonalGhate\.m2\repository\com\google\code\gson\gson\2.10.1\gson-2.10.1.jar
Launcher Type: SUN_STANDARD

[Global flags]
     intx CICompilerCount                          = 12                                        {product} {ergonomic}
     uint ConcGCThreads                            = 4                                         {product} {ergonomic}
     uint G1ConcRefinementThreads                  = 15                                        {product} {ergonomic}
   size_t G1HeapRegionSize                         = 8388608                                   {product} {ergonomic}
    uintx GCDrainStackTargetSize                   = 64                                        {product} {ergonomic}
   size_t InitialHeapSize                          = 1073741824                                {product} {ergonomic}
   size_t MarkStackSize                            = 4194304                                   {product} {ergonomic}
   size_t MaxHeapSize                              = 17095983104                               {product} {ergonomic}
   size_t MaxNewSize                               = 10250878976                               {product} {ergonomic}
   size_t MinHeapDeltaBytes                        = 8388608                                   {product} {ergonomic}
   size_t MinHeapSize                              = 8388608                                   {product} {ergonomic}
    uintx NonNMethodCodeHeapSize                   = 7602480                                {pd product} {ergonomic}
    uintx NonProfiledCodeHeapSize                  = 122027880                              {pd product} {ergonomic}
    uintx ProfiledCodeHeapSize                     = 122027880                              {pd product} {ergonomic}
    uintx ReservedCodeCacheSize                    = 251658240                              {pd product} {ergonomic}
     bool SegmentedCodeCache                       = true                                      {product} {ergonomic}
     bool ShowCodeDetailsInExceptionMessages       = true                                   {manageable} {command line}
   size_t SoftMaxHeapSize                          = 17095983104                            {manageable} {ergonomic}
     bool UseCompressedOops                        = true                           {product lp64_product} {ergonomic}
     bool UseG1GC                                  = true                                      {product} {ergonomic}
     bool UseLargePagesIndividualAllocation        = false                                  {pd product} {ergonomic}

Logging:
Log output configuration:
 #0: stdout all=warning uptime,level,tags foldmultilines=false
 #1: stderr all=off uptime,level,tags foldmultilines=false

Environment Variables:
JAVA_HOME=C:\Program Files\Java\jdk-21
PATH=C:\Program Files\Common Files\Oracle\Java\javapath;C:\WINDOWS\system32;C:\WINDOWS;C:\WINDOWS\System32\Wbem;C:\WINDOWS\System32\WindowsPowerShell\v1.0\;C:\WINDOWS\System32\OpenSSH\;C:\Program Files\Git\cmd;C:\Program Files\Docker\Docker\resources\bin;C:\Program Files\Java\jdk-21\bin;C:\Program Files\Amazon\AWSCLIV2\;C:\Program Files\nodejs\;C:\ProgramData\chocolatey\bin;C:\Users\SonalGhate\AppData\Local\Microsoft\WindowsApps;;C:\Users\SonalGhate\AppData\Local\Programs\Microsoft VS Code\bin;C:\Users\SonalGhate\AppData\Roaming\npm
USERNAME=SonalGhate
OS=Windows_NT
PROCESSOR_IDENTIFIER=Intel64 Family 6 Model 186 Stepping 2, GenuineIntel
TMP=C:\Users\SONALG~1\AppData\Local\Temp
TEMP=C:\Users\SONALG~1\AppData\Local\Temp




Periodic native trim disabled

---------------  S Y S T E M  ---------------

OS:
 Windows 11 , 64 bit Build 26100 (10.0.26100.4768)
OS uptime: 18 days 7:44 hours
Hyper-V role detected

CPU: total 20 (initial active 20) (10 cores per cpu, 2 threads per core) family 6 model 186 stepping 2 microcode 0x410e, cx8, cmov, fxsr, ht, mmx, 3dnowpref, sse, sse2, sse3, ssse3, sse4.1, sse4.2, popcnt, lzcnt, tsc, tscinvbit, avx, avx2, aes, erms, clmul, bmi1, bmi2, adx, sha, fma, vzeroupper, clflush, clflushopt, clwb, hv, serialize, rdtscp, rdpid, fsrm, f16c, cet_ibt, cet_ss
Processor Information for processor 0
  Max Mhz: 2500, Current Mhz: 2500, Mhz Limit: 2500
Processor Information for processor 1
  Max Mhz: 2500, Current Mhz: 1532, Mhz Limit: 2500
Processor Information for processor 2
  Max Mhz: 2500, Current Mhz: 2500, Mhz Limit: 2500
Processor Information for processor 3
  Max Mhz: 2500, Current Mhz: 2500, Mhz Limit: 2500
Processor Information for processor 4
  Max Mhz: 2500, Current Mhz: 2500, Mhz Limit: 2500
Processor Information for processor 5
  Max Mhz: 2500, Current Mhz: 2500, Mhz Limit: 2500
Processor Information for processor 6
  Max Mhz: 2500, Current Mhz: 2500, Mhz Limit: 2500
Processor Information for processor 7
  Max Mhz: 2500, Current Mhz: 1532, Mhz Limit: 2500
Processor Information for processor 8
  Max Mhz: 2500, Current Mhz: 1532, Mhz Limit: 2500
Processor Information for processor 9
  Max Mhz: 2500, Current Mhz: 2500, Mhz Limit: 2500
Processor Information for processor 10
  Max Mhz: 2500, Current Mhz: 2500, Mhz Limit: 2500
Processor Information for processor 11
  Max Mhz: 2500, Current Mhz: 1532, Mhz Limit: 2500
Processor Information for processor 12
  Max Mhz: 2500, Current Mhz: 1800, Mhz Limit: 1800
Processor Information for processor 13
  Max Mhz: 2500, Current Mhz: 1800, Mhz Limit: 1800
Processor Information for processor 14
  Max Mhz: 2500, Current Mhz: 1500, Mhz Limit: 1800
Processor Information for processor 15
  Max Mhz: 2500, Current Mhz: 1500, Mhz Limit: 1800
Processor Information for processor 16
  Max Mhz: 2500, Current Mhz: 1500, Mhz Limit: 1800
Processor Information for processor 17
  Max Mhz: 2500, Current Mhz: 1500, Mhz Limit: 1800
Processor Information for processor 18
  Max Mhz: 2500, Current Mhz: 1500, Mhz Limit: 1800
Processor Information for processor 19
  Max Mhz: 2500, Current Mhz: 1800, Mhz Limit: 1800

Memory: 4k page, system-wide physical 65192M (9039M free)
TotalPageFile size 129389M (AvailPageFile size 637M)
current process WorkingSet (physical memory assigned to process): 712M, peak: 1880M
current process commit charge ("private bytes"): 2128M, peak: 2848M

vm_info: Java HotSpot(TM) 64-Bit Server VM (21.0.2+13-LTS-58) for windows-amd64 JRE (21.0.2+13-LTS-58), built on 2024-01-05T18:32:24Z by "mach5one" with MS VC++ 17.1 (VS2022)

END.
