2025-09-16 10:31:14 INFO  TC004_VerifyHeaderLinks:52 - Title Validated Successfully.
2025-09-16 10:31:14 INFO  TC004_VerifyHeaderLinks:12 - TestCase to verify Header Links started
2025-09-16 10:35:06 INFO  TC003_VerifyFooterLinks:52 - Title Validated Successfully.
2025-09-16 10:35:06 INFO  TC003_VerifyFooterLinks:12 - TestCase to verify broken links from footer started
2025-09-16 10:36:37 INFO  TC003_VerifyFooterLinks:52 - Title Validated Successfully.
2025-09-16 10:36:37 INFO  TC003_VerifyFooterLinks:12 - TestCase to verify broken links from footer started
2025-09-16 10:39:07 INFO  TC004_VerifyHeaderLinks:52 - Title Validated Successfully.
2025-09-16 10:39:07 INFO  TC004_VerifyHeaderLinks:12 - TestCase to verify Header Links started
2025-09-16 10:41:19 INFO  TC002_VerifyHomePageTabs:52 - Title Validated Successfully.
2025-09-16 10:41:19 INFO  TC002_VerifyHomePageTabs:12 - TestCase to verify HomePage tabs has started
2025-09-16 10:41:25 INFO  TC002_VerifyHomePageTabs:17 - TestCase to verify HomePage Tab has finished
2025-09-16 11:15:50 INFO  TC003_VerifyFooterLinks:52 - Title Validated Successfully.
2025-09-16 11:15:50 INFO  TC003_VerifyFooterLinks:12 - TestCase to verify broken links from footer started
2025-09-16 11:16:27 INFO  TC004_VerifyHeaderLinks:52 - Title Validated Successfully.
2025-09-16 11:16:27 INFO  TC004_VerifyHeaderLinks:12 - TestCase to verify Header Links started
2025-09-16 11:17:47 INFO  TC004_VerifyHeaderLinks:52 - Title Validated Successfully.
2025-09-16 11:17:47 INFO  TC004_VerifyHeaderLinks:12 - TestCase to verify Header Links started
2025-09-16 11:19:31 INFO  TC004_VerifyHeaderLinks:52 - Title Validated Successfully.
2025-09-16 11:19:31 INFO  TC004_VerifyHeaderLinks:12 - TestCase to verify Header Links started
2025-09-16 11:23:09 INFO  TC004_VerifyHeaderLinks:52 - Title Validated Successfully.
2025-09-16 11:23:09 INFO  TC004_VerifyHeaderLinks:12 - TestCase to verify Header Links started
2025-09-16 11:24:59 INFO  TC004_VerifyHeaderLinks:52 - Title Validated Successfully.
2025-09-16 11:24:59 INFO  TC004_VerifyHeaderLinks:12 - TestCase to verify Header Links started
2025-09-16 11:27:21 INFO  TC004_VerifyHeaderLinks:52 - Title Validated Successfully.
2025-09-16 11:27:21 INFO  TC004_VerifyHeaderLinks:12 - TestCase to verify Header Links started
2025-09-16 11:30:34 INFO  TC004_VerifyHeaderLinks:52 - Title Validated Successfully.
2025-09-16 11:30:34 INFO  TC004_VerifyHeaderLinks:12 - TestCase to verify Header Links started
2025-09-16 11:32:02 INFO  TC004_VerifyHeaderLinks:52 - Title Validated Successfully.
2025-09-16 11:32:02 INFO  TC004_VerifyHeaderLinks:12 - TestCase to verify Header Links started
2025-09-16 11:34:14 INFO  TC004_VerifyHeaderLinks:52 - Title Validated Successfully.
2025-09-16 11:34:14 INFO  TC004_VerifyHeaderLinks:12 - TestCase to verify Header Links started
