2025-09-17 09:25:01 INFO  TC005_SortProductByPrice:52 - Title Validated Successfully.
2025-09-17 09:25:01 INFO  TC005_SortProductByPrice:17 - Test case to sort product by price has started
2025-09-17 09:25:03 INFO  TC005_SortProductByPrice:33 - Test case to sort product by price has finished
2025-09-17 09:26:55 INFO  TC005_SortProductByPrice:52 - Title Validated Successfully.
2025-09-17 09:26:55 INFO  TC005_SortProductByPrice:17 - Test case to sort product by price has started
2025-09-17 09:26:57 INFO  TC005_SortProductByPrice:33 - Test case to sort product by price has finished
2025-09-17 09:28:01 INFO  TC005_SortProductByPrice:52 - Title Validated Successfully.
2025-09-17 09:28:01 INFO  TC005_SortProductByPrice:17 - Test case to sort product by price has started
2025-09-17 09:28:05 INFO  TC005_SortProductByPrice:33 - Test case to sort product by price has finished
2025-09-17 09:28:39 INFO  TC005_SortProductByPrice:52 - Title Validated Successfully.
2025-09-17 09:28:39 INFO  TC005_SortProductByPrice:17 - Test case to sort product by price has started
2025-09-17 09:28:47 INFO  TC005_SortProductByPrice:33 - Test case to sort product by price has finished
2025-09-17 09:35:35 INFO  TC005_FilterProductByPrice:52 - Title Validated Successfully.
2025-09-17 09:35:35 INFO  TC005_FilterProductByPrice:17 - Test case to sort product by price has started
2025-09-17 09:36:08 INFO  TC005_FilterProductByPrice:52 - Title Validated Successfully.
2025-09-17 09:36:08 INFO  TC005_FilterProductByPrice:17 - Test case to sort product by price has started
2025-09-17 09:36:10 INFO  TC005_FilterProductByPrice:23 - All the products have price more than 25
2025-09-17 09:36:10 INFO  TC005_FilterProductByPrice:33 - Test case to sort product by price has finished
2025-09-17 09:37:05 INFO  TC006_SortProductByPriceLowToHigh:52 - Title Validated Successfully.
2025-09-17 09:37:05 INFO  TC006_SortProductByPriceLowToHigh:17 - Test case to sort product by price has started
2025-09-17 09:37:12 INFO  TC006_SortProductByPriceLowToHigh:25 - Test case to sort product by price has finished
2025-09-17 09:46:13 INFO  TC003_VerifyFooterLinks:52 - Title Validated Successfully.
2025-09-17 09:46:13 INFO  TC003_VerifyFooterLinks:12 - TestCase to verify broken links from footer started
2025-09-17 09:46:23 INFO  TC004_SearchItem:52 - Title Validated Successfully.
2025-09-17 09:46:23 INFO  TC004_SearchItem:15 - TestCase to verify Header Links started
2025-09-17 09:46:28 INFO  TC004_SearchItem:21 - Search item is found
2025-09-17 09:46:28 INFO  TC004_SearchItem:30 - TestCase to verify Header Links finished
2025-09-17 09:46:28 INFO  TC004_SearchItem:15 - TestCase to verify Header Links started
2025-09-17 09:46:34 INFO  TC004_SearchItem:21 - Search item is found
2025-09-17 09:46:34 INFO  TC004_SearchItem:30 - TestCase to verify Header Links finished
2025-09-17 09:46:34 INFO  TC004_SearchItem:15 - TestCase to verify Header Links started
2025-09-17 09:46:39 INFO  TC004_SearchItem:21 - Search item is found
2025-09-17 09:46:39 INFO  TC004_SearchItem:30 - TestCase to verify Header Links finished
2025-09-17 09:46:42 INFO  TC005_FilterProductByPrice:52 - Title Validated Successfully.
2025-09-17 09:46:42 INFO  TC005_FilterProductByPrice:17 - Test case to filter product by price under 25 has started
2025-09-17 09:46:43 INFO  TC005_FilterProductByPrice:23 - All the products have price more than 25
2025-09-17 09:46:43 INFO  TC005_FilterProductByPrice:31 - Test case to filter product by price under 25 has finished
2025-09-17 09:46:45 INFO  TC006_SortProductByPriceLowToHigh:52 - Title Validated Successfully.
2025-09-17 09:46:45 INFO  TC006_SortProductByPriceLowToHigh:17 - Test case to sort product by price Low To High has started
2025-09-17 09:46:48 INFO  TC006_SortProductByPriceLowToHigh:26 - All the products are sorted by price Low to High
2025-09-17 09:46:48 INFO  TC006_SortProductByPriceLowToHigh:34 - Test case to sort product by price Low To High has finished
2025-09-17 09:48:55 INFO  TC002_VerifyHomePageTabs:52 - Title Validated Successfully.
2025-09-17 09:48:55 INFO  TC002_VerifyHomePageTabs:12 - TestCase to verify HomePage tabs has started
2025-09-17 09:49:00 INFO  TC002_VerifyHomePageTabs:17 - TestCase to verify HomePage Tab has finished
2025-09-17 09:49:14 INFO  TC002_VerifyHomePageTabs:52 - Title Validated Successfully.
2025-09-17 09:49:14 INFO  TC002_VerifyHomePageTabs:12 - TestCase to verify HomePage tabs has started
2025-09-17 09:49:19 INFO  TC002_VerifyHomePageTabs:17 - TestCase to verify HomePage Tab has finished
2025-09-17 09:49:21 INFO  TC003_VerifyFooterLinks:52 - Title Validated Successfully.
2025-09-17 09:49:21 INFO  TC003_VerifyFooterLinks:12 - TestCase to verify broken links from footer started
2025-09-17 09:49:30 INFO  TC004_SearchItem:52 - Title Validated Successfully.
2025-09-17 09:49:30 INFO  TC004_SearchItem:15 - TestCase to verify Header Links started
2025-09-17 09:49:35 INFO  TC004_SearchItem:21 - Search item is found
2025-09-17 09:49:35 INFO  TC004_SearchItem:30 - TestCase to verify Header Links finished
2025-09-17 09:49:35 INFO  TC004_SearchItem:15 - TestCase to verify Header Links started
2025-09-17 09:49:39 INFO  TC004_SearchItem:21 - Search item is found
2025-09-17 09:49:39 INFO  TC004_SearchItem:30 - TestCase to verify Header Links finished
2025-09-17 09:49:39 INFO  TC004_SearchItem:15 - TestCase to verify Header Links started
2025-09-17 09:49:44 INFO  TC004_SearchItem:21 - Search item is found
2025-09-17 09:49:44 INFO  TC004_SearchItem:30 - TestCase to verify Header Links finished
2025-09-17 09:49:47 INFO  TC005_FilterProductByPrice:52 - Title Validated Successfully.
2025-09-17 09:49:47 INFO  TC005_FilterProductByPrice:17 - Test case to filter product by price under 25 has started
2025-09-17 09:49:49 INFO  TC005_FilterProductByPrice:23 - All the products have price more than 25
2025-09-17 09:49:49 INFO  TC005_FilterProductByPrice:31 - Test case to filter product by price under 25 has finished
2025-09-17 09:49:51 INFO  TC006_SortProductByPriceLowToHigh:52 - Title Validated Successfully.
2025-09-17 09:49:51 INFO  TC006_SortProductByPriceLowToHigh:17 - Test case to sort product by price Low To High has started
2025-09-17 09:49:53 INFO  TC006_SortProductByPriceLowToHigh:26 - All the products are sorted by price Low to High
2025-09-17 09:49:53 INFO  TC006_SortProductByPriceLowToHigh:34 - Test case to sort product by price Low To High has finished
2025-09-17 09:52:41 INFO  TC004_SearchItem:52 - Title Validated Successfully.
2025-09-17 09:52:41 INFO  TC004_SearchItem:13 - TestCase to verify Header Links started
2025-09-17 09:52:41 INFO  TC004_SearchItem:13 - TestCase to verify Header Links started
2025-09-17 09:52:42 INFO  TC004_SearchItem:13 - TestCase to verify Header Links started
2025-09-17 09:53:05 INFO  TC004_SearchItem:52 - Title Validated Successfully.
2025-09-17 09:53:05 INFO  TC004_SearchItem:13 - TestCase to verify Header Links started
2025-09-17 09:53:05 INFO  TC004_SearchItem:13 - TestCase to verify Header Links started
2025-09-17 09:53:05 INFO  TC004_SearchItem:13 - TestCase to verify Header Links started
2025-09-17 09:59:41 INFO  TC004_SearchItem:52 - Title Validated Successfully.
2025-09-17 09:59:41 INFO  TC004_SearchItem:13 - TestCase to verify Header Links started
2025-09-17 09:59:47 INFO  TC004_SearchItem:19 - Search item is found
2025-09-17 09:59:47 INFO  TC004_SearchItem:25 - TestCase to verify Header Links finished
2025-09-17 09:59:47 INFO  TC004_SearchItem:13 - TestCase to verify Header Links started
2025-09-17 09:59:52 INFO  TC004_SearchItem:19 - Search item is found
2025-09-17 09:59:52 INFO  TC004_SearchItem:25 - TestCase to verify Header Links finished
2025-09-17 09:59:52 INFO  TC004_SearchItem:13 - TestCase to verify Header Links started
2025-09-17 09:59:57 INFO  TC004_SearchItem:19 - Search item is found
2025-09-17 09:59:57 INFO  TC004_SearchItem:25 - TestCase to verify Header Links finished
2025-09-17 10:55:05 INFO  TC004_SearchItem:52 - Title Validated Successfully.
2025-09-17 10:55:05 INFO  TC004_SearchItem:13 - TestCase to verify Header Links started
2025-09-17 10:55:10 INFO  TC004_SearchItem:19 - Search item is found
2025-09-17 10:55:10 INFO  TC004_SearchItem:25 - TestCase to verify Header Links finished
2025-09-17 10:55:10 INFO  TC004_SearchItem:13 - TestCase to verify Header Links started
2025-09-17 10:55:15 INFO  TC004_SearchItem:19 - Search item is found
2025-09-17 10:55:15 INFO  TC004_SearchItem:25 - TestCase to verify Header Links finished
2025-09-17 10:55:15 INFO  TC004_SearchItem:13 - TestCase to verify Header Links started
2025-09-17 10:55:21 INFO  TC004_SearchItem:19 - Search item is found
2025-09-17 10:55:21 INFO  TC004_SearchItem:25 - TestCase to verify Header Links finished
2025-09-17 10:56:08 INFO  TC004_SearchItem:52 - Title Validated Successfully.
2025-09-17 10:56:08 INFO  TC004_SearchItem:13 - TestCase to verify Header Links started
2025-09-17 10:56:13 INFO  TC004_SearchItem:19 - Search item is found
2025-09-17 10:56:13 INFO  TC004_SearchItem:25 - TestCase to verify Header Links finished
2025-09-17 10:56:13 INFO  TC004_SearchItem:13 - TestCase to verify Header Links started
2025-09-17 10:56:18 INFO  TC004_SearchItem:19 - Search item is found
2025-09-17 10:56:18 INFO  TC004_SearchItem:25 - TestCase to verify Header Links finished
2025-09-17 10:56:18 INFO  TC004_SearchItem:13 - TestCase to verify Header Links started
2025-09-17 10:56:23 INFO  TC004_SearchItem:19 - Search item is found
2025-09-17 10:56:23 INFO  TC004_SearchItem:25 - TestCase to verify Header Links finished
2025-09-17 11:00:55 INFO  TC004_SearchItem:52 - Title Validated Successfully.
2025-09-17 11:00:55 INFO  TC004_SearchItem:13 - TestCase to verify Header Links started
2025-09-17 11:00:59 INFO  TC004_SearchItem:19 - Search item is found
2025-09-17 11:00:59 INFO  TC004_SearchItem:25 - TestCase to verify Header Links finished
2025-09-17 11:00:59 INFO  TC004_SearchItem:13 - TestCase to verify Header Links started
2025-09-17 11:01:04 INFO  TC004_SearchItem:19 - Search item is found
2025-09-17 11:01:04 INFO  TC004_SearchItem:25 - TestCase to verify Header Links finished
2025-09-17 11:01:04 INFO  TC004_SearchItem:13 - TestCase to verify Header Links started
2025-09-17 11:01:08 INFO  TC004_SearchItem:19 - Search item is found
2025-09-17 11:01:08 INFO  TC004_SearchItem:25 - TestCase to verify Header Links finished
2025-09-17 11:01:40 INFO  TC004_SearchItem:52 - Title Validated Successfully.
2025-09-17 11:01:40 INFO  TC004_SearchItem:13 - TestCase to verify Header Links started
2025-09-17 11:01:42 INFO  TC004_SearchItem:19 - Search item is found
2025-09-17 11:01:42 INFO  TC004_SearchItem:25 - TestCase to verify Header Links finished
2025-09-17 11:01:42 INFO  TC004_SearchItem:13 - TestCase to verify Header Links started
2025-09-17 11:01:44 INFO  TC004_SearchItem:19 - Search item is found
2025-09-17 11:01:44 INFO  TC004_SearchItem:25 - TestCase to verify Header Links finished
2025-09-17 11:01:44 INFO  TC004_SearchItem:13 - TestCase to verify Header Links started
2025-09-17 11:01:46 INFO  TC004_SearchItem:19 - Search item is found
2025-09-17 11:01:46 INFO  TC004_SearchItem:25 - TestCase to verify Header Links finished
2025-09-17 11:20:33 INFO  TC004_SearchItem:52 - Title Validated Successfully.
2025-09-17 11:20:33 INFO  TC004_SearchItem:13 - TestCase to verify Header Links started
2025-09-17 11:21:15 INFO  TC004_SearchItem:52 - Title Validated Successfully.
2025-09-17 11:21:15 INFO  TC004_SearchItem:13 - TestCase to verify Header Links started
2025-09-17 11:21:22 INFO  TC004_SearchItem:13 - TestCase to verify Header Links started
2025-09-17 11:21:23 INFO  TC004_SearchItem:13 - TestCase to verify Header Links started
2025-09-17 11:28:35 INFO  TC004_SearchItem:52 - Title Validated Successfully.
2025-09-17 11:28:35 INFO  TC004_SearchItem:13 - TestCase to verify Header Links started
2025-09-17 11:29:56 INFO  TC004_SearchItem:52 - Title Validated Successfully.
2025-09-17 11:29:56 INFO  TC004_SearchItem:13 - TestCase to verify Header Links started
2025-09-17 11:30:27 INFO  TC004_SearchItem:13 - TestCase to verify Header Links started
2025-09-17 11:30:27 INFO  TC004_SearchItem:13 - TestCase to verify Header Links started
2025-09-17 11:30:56 INFO  TC004_SearchItem:52 - Title Validated Successfully.
2025-09-17 11:30:56 INFO  TC004_SearchItem:13 - TestCase to verify Header Links started
2025-09-17 11:31:27 INFO  TC004_SearchItem:13 - TestCase to verify Header Links started
2025-09-17 11:36:37 INFO  TC004_SearchItem:52 - Title Validated Successfully.
2025-09-17 11:36:37 INFO  TC004_SearchItem:13 - TestCase to verify Header Links started
2025-09-17 11:37:08 INFO  TC004_SearchItem:13 - TestCase to verify Header Links started
2025-09-17 11:37:10 INFO  TC004_SearchItem:19 - Search item is found
2025-09-17 11:37:10 INFO  TC004_SearchItem:25 - TestCase to verify Header Links finished
2025-09-17 11:37:10 INFO  TC004_SearchItem:13 - TestCase to verify Header Links started
2025-09-17 11:37:12 INFO  TC004_SearchItem:19 - Search item is found
2025-09-17 11:37:12 INFO  TC004_SearchItem:25 - TestCase to verify Header Links finished
2025-09-17 11:38:21 INFO  TC004_SearchItem:52 - Title Validated Successfully.
2025-09-17 11:38:21 INFO  TC004_SearchItem:13 - TestCase to verify Header Links started
2025-09-17 11:38:24 INFO  TC004_SearchItem:13 - TestCase to verify Header Links started
2025-09-17 11:38:27 INFO  TC004_SearchItem:19 - Search item is found
2025-09-17 11:38:27 INFO  TC004_SearchItem:25 - TestCase to verify Header Links finished
2025-09-17 11:38:27 INFO  TC004_SearchItem:13 - TestCase to verify Header Links started
2025-09-17 11:38:29 INFO  TC004_SearchItem:19 - Search item is found
2025-09-17 11:38:29 INFO  TC004_SearchItem:25 - TestCase to verify Header Links finished
2025-09-17 12:21:06 INFO  TC004_SearchItem:52 - Title Validated Successfully.
2025-09-17 12:21:06 INFO  TC004_SearchItem:13 - TestCase to verify Header Links started
2025-09-17 12:21:06 INFO  TC004_SearchItem:19 - Search item is found
2025-09-17 12:21:06 INFO  TC004_SearchItem:25 - TestCase to verify Header Links finished
2025-09-17 12:21:06 INFO  TC004_SearchItem:13 - TestCase to verify Header Links started
2025-09-17 12:21:06 INFO  TC004_SearchItem:19 - Search item is found
2025-09-17 12:21:06 INFO  TC004_SearchItem:25 - TestCase to verify Header Links finished
2025-09-17 12:21:06 INFO  TC004_SearchItem:13 - TestCase to verify Header Links started
2025-09-17 12:21:07 INFO  TC004_SearchItem:19 - Search item is found
2025-09-17 12:21:07 INFO  TC004_SearchItem:25 - TestCase to verify Header Links finished
2025-09-17 12:25:19 INFO  TC004_SearchItem:52 - Title Validated Successfully.
2025-09-17 12:25:19 INFO  TC004_SearchItem:13 - TestCase to verify Header Links started
2025-09-17 12:25:20 INFO  TC004_SearchItem:19 - Search item is found
2025-09-17 12:25:20 INFO  TC004_SearchItem:25 - TestCase to verify Header Links finished
2025-09-17 12:25:20 INFO  TC004_SearchItem:13 - TestCase to verify Header Links started
2025-09-17 12:25:20 INFO  TC004_SearchItem:19 - Search item is found
2025-09-17 12:25:20 INFO  TC004_SearchItem:25 - TestCase to verify Header Links finished
2025-09-17 12:25:20 INFO  TC004_SearchItem:13 - TestCase to verify Header Links started
2025-09-17 12:25:21 INFO  TC004_SearchItem:19 - Search item is found
2025-09-17 12:25:21 INFO  TC004_SearchItem:25 - TestCase to verify Header Links finished
2025-09-17 12:25:21 INFO  TC004_SearchItem:13 - TestCase to verify Header Links started
2025-09-17 12:25:21 INFO  TC004_SearchItem:19 - Search item is found
2025-09-17 12:25:21 INFO  TC004_SearchItem:25 - TestCase to verify Header Links finished
2025-09-17 13:00:48 INFO  TC004_SearchItem:52 - Title Validated Successfully.
2025-09-17 13:00:48 INFO  TC004_SearchItem:13 - TestCase to verify Header Links started
2025-09-17 13:00:48 INFO  TC004_SearchItem:19 - Search item is found
2025-09-17 13:00:48 INFO  TC004_SearchItem:25 - TestCase to verify Header Links finished
2025-09-17 13:00:48 INFO  TC004_SearchItem:13 - TestCase to verify Header Links started
2025-09-17 13:00:48 INFO  TC004_SearchItem:19 - Search item is found
2025-09-17 13:00:48 INFO  TC004_SearchItem:25 - TestCase to verify Header Links finished
2025-09-17 13:00:48 INFO  TC004_SearchItem:13 - TestCase to verify Header Links started
2025-09-17 13:00:49 INFO  TC004_SearchItem:19 - Search item is found
2025-09-17 13:00:49 INFO  TC004_SearchItem:25 - TestCase to verify Header Links finished
2025-09-17 13:00:49 INFO  TC004_SearchItem:13 - TestCase to verify Header Links started
2025-09-17 13:00:49 INFO  TC004_SearchItem:19 - Search item is found
2025-09-17 13:00:49 INFO  TC004_SearchItem:25 - TestCase to verify Header Links finished
2025-09-17 13:05:22 INFO  TC004_SearchItem:52 - Title Validated Successfully.
2025-09-17 13:05:22 INFO  TC004_SearchItem:13 - TestCase to verify Header Links started
2025-09-17 13:05:22 INFO  TC004_SearchItem:19 - Search item is found
2025-09-17 13:05:22 INFO  TC004_SearchItem:25 - TestCase to verify Header Links finished
2025-09-17 13:05:22 INFO  TC004_SearchItem:13 - TestCase to verify Header Links started
2025-09-17 13:05:23 INFO  TC004_SearchItem:19 - Search item is found
2025-09-17 13:05:23 INFO  TC004_SearchItem:25 - TestCase to verify Header Links finished
2025-09-17 13:05:23 INFO  TC004_SearchItem:13 - TestCase to verify Header Links started
2025-09-17 13:05:23 INFO  TC004_SearchItem:19 - Search item is found
2025-09-17 13:05:23 INFO  TC004_SearchItem:25 - TestCase to verify Header Links finished
2025-09-17 13:05:23 INFO  TC004_SearchItem:13 - TestCase to verify Header Links started
2025-09-17 13:05:24 INFO  TC004_SearchItem:19 - Search item is found
2025-09-17 13:05:24 INFO  TC004_SearchItem:25 - TestCase to verify Header Links finished
2025-09-17 13:05:54 INFO  TC004_SearchItem:52 - Title Validated Successfully.
2025-09-17 13:05:54 INFO  TC004_SearchItem:13 - TestCase to verify Header Links started
2025-09-17 13:05:54 INFO  TC004_SearchItem:13 - TestCase to verify Header Links started
2025-09-17 13:05:55 INFO  TC004_SearchItem:13 - TestCase to verify Header Links started
2025-09-17 13:05:55 INFO  TC004_SearchItem:13 - TestCase to verify Header Links started
2025-09-17 13:06:42 INFO  TC004_SearchItem:52 - Title Validated Successfully.
2025-09-17 13:06:42 INFO  TC004_SearchItem:13 - TestCase to verify Header Links started
2025-09-17 13:06:42 INFO  TC004_SearchItem:13 - TestCase to verify Header Links started
2025-09-17 13:06:43 INFO  TC004_SearchItem:13 - TestCase to verify Header Links started
2025-09-17 13:06:43 INFO  TC004_SearchItem:13 - TestCase to verify Header Links started
2025-09-17 13:08:31 INFO  TC004_SearchItem:52 - Title Validated Successfully.
2025-09-17 13:08:31 INFO  TC004_SearchItem:13 - TestCase to verify Header Links started
2025-09-17 13:08:34 INFO  TC004_SearchItem:19 - Search item is found
2025-09-17 13:08:34 INFO  TC004_SearchItem:25 - TestCase to verify Header Links finished
2025-09-17 13:08:34 INFO  TC004_SearchItem:13 - TestCase to verify Header Links started
2025-09-17 13:08:38 INFO  TC004_SearchItem:19 - Search item is found
2025-09-17 13:08:38 INFO  TC004_SearchItem:25 - TestCase to verify Header Links finished
2025-09-17 13:08:38 INFO  TC004_SearchItem:13 - TestCase to verify Header Links started
2025-09-17 13:08:41 INFO  TC004_SearchItem:13 - TestCase to verify Header Links started
2025-09-17 13:08:45 INFO  TC004_SearchItem:19 - Search item is found
2025-09-17 13:08:45 INFO  TC004_SearchItem:25 - TestCase to verify Header Links finished
2025-09-17 13:09:14 INFO  TC004_SearchItem:52 - Title Validated Successfully.
2025-09-17 13:09:14 INFO  TC004_SearchItem:13 - TestCase to verify Header Links started
2025-09-17 13:09:17 INFO  TC004_SearchItem:19 - Search item is found
2025-09-17 13:09:17 INFO  TC004_SearchItem:25 - TestCase to verify Header Links finished
2025-09-17 13:09:17 INFO  TC004_SearchItem:13 - TestCase to verify Header Links started
2025-09-17 13:09:21 INFO  TC004_SearchItem:19 - Search item is found
2025-09-17 13:09:21 INFO  TC004_SearchItem:25 - TestCase to verify Header Links finished
2025-09-17 13:09:21 INFO  TC004_SearchItem:13 - TestCase to verify Header Links started
2025-09-17 13:09:23 INFO  TC004_SearchItem:19 - Search item is found
2025-09-17 13:09:23 INFO  TC004_SearchItem:25 - TestCase to verify Header Links finished
2025-09-17 13:09:23 INFO  TC004_SearchItem:13 - TestCase to verify Header Links started
2025-09-17 13:09:27 INFO  TC004_SearchItem:19 - Search item is found
2025-09-17 13:09:27 INFO  TC004_SearchItem:25 - TestCase to verify Header Links finished
2025-09-17 13:11:32 INFO  TC004_SearchItem:52 - Title Validated Successfully.
2025-09-17 13:11:32 INFO  TC004_SearchItem:13 - TestCase to verify Header Links started
2025-09-17 13:11:32 INFO  TC004_SearchItem:13 - TestCase to verify Header Links started
2025-09-17 13:11:32 INFO  TC004_SearchItem:13 - TestCase to verify Header Links started
2025-09-17 13:11:33 INFO  TC004_SearchItem:13 - TestCase to verify Header Links started
2025-09-17 13:12:00 INFO  TC004_SearchItem:52 - Title Validated Successfully.
2025-09-17 13:12:00 INFO  TC004_SearchItem:13 - TestCase to verify Header Links started
2025-09-17 13:12:00 INFO  TC004_SearchItem:13 - TestCase to verify Header Links started
2025-09-17 13:12:01 INFO  TC004_SearchItem:13 - TestCase to verify Header Links started
2025-09-17 13:12:01 INFO  TC004_SearchItem:13 - TestCase to verify Header Links started
2025-09-17 13:29:46 INFO  TC004_SearchItem:52 - Title Validated Successfully.
2025-09-17 13:29:46 INFO  TC004_SearchItem:13 - TestCase to verify Header Links started
2025-09-17 13:29:46 INFO  TC004_SearchItem:19 - Search item is found
2025-09-17 13:29:46 INFO  TC004_SearchItem:25 - TestCase to verify Header Links finished
2025-09-17 13:29:46 INFO  TC004_SearchItem:13 - TestCase to verify Header Links started
2025-09-17 13:29:46 INFO  TC004_SearchItem:19 - Search item is found
2025-09-17 13:29:46 INFO  TC004_SearchItem:25 - TestCase to verify Header Links finished
2025-09-17 13:29:46 INFO  TC004_SearchItem:13 - TestCase to verify Header Links started
2025-09-17 13:29:47 INFO  TC004_SearchItem:19 - Search item is found
2025-09-17 13:29:47 INFO  TC004_SearchItem:25 - TestCase to verify Header Links finished
2025-09-17 13:29:47 INFO  TC004_SearchItem:13 - TestCase to verify Header Links started
2025-09-17 13:29:47 INFO  TC004_SearchItem:19 - Search item is found
2025-09-17 13:29:47 INFO  TC004_SearchItem:25 - TestCase to verify Header Links finished
2025-09-17 13:30:36 INFO  TC004_SearchItem:52 - Title Validated Successfully.
2025-09-17 13:30:36 INFO  TC004_SearchItem:13 - TestCase to verify Header Links started
2025-09-17 13:30:36 INFO  TC004_SearchItem:19 - Search item is found
2025-09-17 13:30:36 INFO  TC004_SearchItem:25 - TestCase to verify Header Links finished
2025-09-17 13:30:36 INFO  TC004_SearchItem:13 - TestCase to verify Header Links started
2025-09-17 13:30:36 INFO  TC004_SearchItem:19 - Search item is found
2025-09-17 13:30:36 INFO  TC004_SearchItem:25 - TestCase to verify Header Links finished
2025-09-17 13:30:36 INFO  TC004_SearchItem:13 - TestCase to verify Header Links started
2025-09-17 13:30:37 INFO  TC004_SearchItem:19 - Search item is found
2025-09-17 13:30:37 INFO  TC004_SearchItem:25 - TestCase to verify Header Links finished
2025-09-17 13:30:37 INFO  TC004_SearchItem:13 - TestCase to verify Header Links started
2025-09-17 13:30:37 INFO  TC004_SearchItem:19 - Search item is found
2025-09-17 13:30:37 INFO  TC004_SearchItem:25 - TestCase to verify Header Links finished
2025-09-17 13:31:13 INFO  TC004_SearchItem:52 - Title Validated Successfully.
2025-09-17 13:31:13 INFO  TC004_SearchItem:13 - TestCase to verify Header Links started
2025-09-17 13:31:14 INFO  TC004_SearchItem:19 - Search item is found
2025-09-17 13:31:14 INFO  TC004_SearchItem:25 - TestCase to verify Header Links finished
2025-09-17 13:31:14 INFO  TC004_SearchItem:13 - TestCase to verify Header Links started
2025-09-17 13:31:14 INFO  TC004_SearchItem:19 - Search item is found
2025-09-17 13:31:14 INFO  TC004_SearchItem:25 - TestCase to verify Header Links finished
2025-09-17 13:31:14 INFO  TC004_SearchItem:13 - TestCase to verify Header Links started
2025-09-17 13:31:15 INFO  TC004_SearchItem:19 - Search item is found
2025-09-17 13:31:15 INFO  TC004_SearchItem:25 - TestCase to verify Header Links finished
2025-09-17 13:31:15 INFO  TC004_SearchItem:13 - TestCase to verify Header Links started
2025-09-17 13:31:15 INFO  TC004_SearchItem:19 - Search item is found
2025-09-17 13:31:15 INFO  TC004_SearchItem:25 - TestCase to verify Header Links finished
2025-09-17 13:42:26 INFO  TC004_SearchItem:52 - Title Validated Successfully.
2025-09-17 13:42:26 INFO  TC004_SearchItem:13 - TestCase to verify Header Links started
2025-09-17 13:42:26 INFO  TC004_SearchItem:13 - TestCase to verify Header Links started
2025-09-17 13:42:26 INFO  TC004_SearchItem:13 - TestCase to verify Header Links started
2025-09-17 13:42:27 INFO  TC004_SearchItem:13 - TestCase to verify Header Links started
2025-09-17 13:46:30 INFO  TC004_SearchItem:52 - Title Validated Successfully.
2025-09-17 13:46:30 INFO  TC004_SearchItem:13 - TestCase to verify Header Links started
2025-09-17 13:46:34 INFO  TC004_SearchItem:21 - Search item is found
2025-09-17 13:46:34 INFO  TC004_SearchItem:30 - TestCase to verify Header Links finished
2025-09-17 13:46:34 INFO  TC004_SearchItem:13 - TestCase to verify Header Links started
2025-09-17 13:46:37 INFO  TC004_SearchItem:21 - Search item is found
2025-09-17 13:46:37 INFO  TC004_SearchItem:30 - TestCase to verify Header Links finished
2025-09-17 13:46:37 INFO  TC004_SearchItem:13 - TestCase to verify Header Links started
2025-09-17 13:46:40 INFO  TC004_SearchItem:13 - TestCase to verify Header Links started
2025-09-17 13:46:43 INFO  TC004_SearchItem:21 - Search item is found
2025-09-17 13:46:43 INFO  TC004_SearchItem:30 - TestCase to verify Header Links finished
2025-09-17 13:47:12 INFO  TC004_SearchItem:52 - Title Validated Successfully.
2025-09-17 13:47:12 INFO  TC004_SearchItem:13 - TestCase to verify Header Links started
2025-09-17 13:47:15 INFO  TC004_SearchItem:21 - Search item is found
2025-09-17 13:47:15 INFO  TC004_SearchItem:30 - TestCase to verify Header Links finished
2025-09-17 13:47:15 INFO  TC004_SearchItem:13 - TestCase to verify Header Links started
2025-09-17 13:47:18 INFO  TC004_SearchItem:21 - Search item is found
2025-09-17 13:47:18 INFO  TC004_SearchItem:30 - TestCase to verify Header Links finished
2025-09-17 13:47:18 INFO  TC004_SearchItem:13 - TestCase to verify Header Links started
2025-09-17 13:47:20 INFO  TC004_SearchItem:28 - Search item cannot be found
2025-09-17 13:47:20 INFO  TC004_SearchItem:30 - TestCase to verify Header Links finished
2025-09-17 13:47:20 INFO  TC004_SearchItem:13 - TestCase to verify Header Links started
2025-09-17 13:47:24 INFO  TC004_SearchItem:21 - Search item is found
2025-09-17 13:47:24 INFO  TC004_SearchItem:30 - TestCase to verify Header Links finished
2025-09-17 14:03:19 INFO  TC004_SearchItem:52 - Title Validated Successfully.
2025-09-17 14:03:19 INFO  TC004_SearchItem:13 - TestCase to Search product started
2025-09-17 14:03:23 INFO  TC004_SearchItem:23 - Search item is found
2025-09-17 14:03:23 INFO  TC004_SearchItem:32 - TestCase to search product finished
2025-09-17 14:03:23 INFO  TC004_SearchItem:13 - TestCase to Search product started
2025-09-17 14:03:55 INFO  TC004_SearchItem:13 - TestCase to Search product started
2025-09-17 14:04:05 INFO  TC004_SearchItem:13 - TestCase to Search product started
2025-09-17 14:06:00 INFO  TC004_SearchItem:52 - Title Validated Successfully.
2025-09-17 14:06:00 INFO  TC004_SearchItem:13 - TestCase to Search product started
2025-09-17 14:06:04 INFO  TC004_SearchItem:23 - Search item is found
2025-09-17 14:06:04 INFO  TC004_SearchItem:32 - TestCase to search product finished
2025-09-17 14:06:04 INFO  TC004_SearchItem:13 - TestCase to Search product started
2025-09-17 14:06:07 INFO  TC004_SearchItem:23 - Search item is found
2025-09-17 14:06:07 INFO  TC004_SearchItem:32 - TestCase to search product finished
2025-09-17 14:06:07 INFO  TC004_SearchItem:13 - TestCase to Search product started
2025-09-17 14:06:40 INFO  TC004_SearchItem:13 - TestCase to Search product started
2025-09-17 14:06:43 INFO  TC004_SearchItem:23 - Search item is found
2025-09-17 14:06:43 INFO  TC004_SearchItem:32 - TestCase to search product finished
2025-09-17 14:09:26 INFO  TC004_SearchItem:52 - Title Validated Successfully.
2025-09-17 14:09:26 INFO  TC004_SearchItem:13 - TestCase to Search product started
2025-09-17 14:09:29 INFO  TC004_SearchItem:23 - Search item is found
2025-09-17 14:09:29 INFO  TC004_SearchItem:32 - TestCase to search product finished
2025-09-17 14:09:29 INFO  TC004_SearchItem:13 - TestCase to Search product started
2025-09-17 14:09:32 INFO  TC004_SearchItem:23 - Search item is found
2025-09-17 14:09:32 INFO  TC004_SearchItem:32 - TestCase to search product finished
2025-09-17 14:09:32 INFO  TC004_SearchItem:13 - TestCase to Search product started
2025-09-17 14:09:35 INFO  TC004_SearchItem:30 - Search item cannot be found
2025-09-17 14:09:35 INFO  TC004_SearchItem:32 - TestCase to search product finished
2025-09-17 14:09:35 INFO  TC004_SearchItem:13 - TestCase to Search product started
2025-09-17 14:09:38 INFO  TC004_SearchItem:23 - Search item is found
2025-09-17 14:09:38 INFO  TC004_SearchItem:32 - TestCase to search product finished
2025-09-17 14:12:36 INFO  TC004_SearchItem:52 - Title Validated Successfully.
2025-09-17 14:12:36 INFO  TC004_SearchItem:13 - TestCase to Search product started
2025-09-17 14:12:37 INFO  TC004_SearchItem:30 - Search item cannot be found
2025-09-17 14:12:37 INFO  TC004_SearchItem:32 - TestCase to search product finished
2025-09-17 14:12:37 INFO  TC004_SearchItem:13 - TestCase to Search product started
2025-09-17 14:12:37 INFO  TC004_SearchItem:30 - Search item cannot be found
2025-09-17 14:12:37 INFO  TC004_SearchItem:32 - TestCase to search product finished
2025-09-17 14:12:37 INFO  TC004_SearchItem:13 - TestCase to Search product started
2025-09-17 14:12:38 INFO  TC004_SearchItem:30 - Search item cannot be found
2025-09-17 14:12:38 INFO  TC004_SearchItem:32 - TestCase to search product finished
2025-09-17 14:12:38 INFO  TC004_SearchItem:13 - TestCase to Search product started
2025-09-17 14:12:38 INFO  TC004_SearchItem:30 - Search item cannot be found
2025-09-17 14:12:38 INFO  TC004_SearchItem:32 - TestCase to search product finished
2025-09-17 14:16:27 INFO  TC004_SearchItem:52 - Title Validated Successfully.
2025-09-17 14:16:27 INFO  TC004_SearchItem:13 - TestCase to Search product started
2025-09-17 14:16:30 INFO  TC004_SearchItem:23 - Search item is found
2025-09-17 14:16:30 INFO  TC004_SearchItem:32 - TestCase to search product finished
2025-09-17 14:16:30 INFO  TC004_SearchItem:13 - TestCase to Search product started
2025-09-17 14:16:34 INFO  TC004_SearchItem:23 - Search item is found
2025-09-17 14:16:34 INFO  TC004_SearchItem:32 - TestCase to search product finished
2025-09-17 14:16:34 INFO  TC004_SearchItem:13 - TestCase to Search product started
2025-09-17 14:16:36 INFO  TC004_SearchItem:30 - Search item cannot be found
2025-09-17 14:16:36 INFO  TC004_SearchItem:32 - TestCase to search product finished
2025-09-17 14:16:36 INFO  TC004_SearchItem:13 - TestCase to Search product started
2025-09-17 14:16:39 INFO  TC004_SearchItem:23 - Search item is found
2025-09-17 14:16:39 INFO  TC004_SearchItem:32 - TestCase to search product finished
2025-09-17 14:49:24 INFO  TC007_EmptySearchAlert:52 - Title Validated Successfully.
2025-09-17 14:49:24 INFO  TC007_EmptySearchAlert:13 - TestCase to Search product started
2025-09-17 14:49:25 INFO  TC007_EmptySearchAlert:19 - Alert is accepted
2025-09-17 14:49:25 INFO  TC007_EmptySearchAlert:28 - TestCase to search product finished
2025-09-17 14:49:25 INFO  TC007_EmptySearchAlert:13 - TestCase to Search product started
2025-09-17 14:49:25 INFO  TC007_EmptySearchAlert:19 - Alert is accepted
2025-09-17 14:49:25 INFO  TC007_EmptySearchAlert:28 - TestCase to search product finished
2025-09-17 14:49:25 INFO  TC007_EmptySearchAlert:13 - TestCase to Search product started
2025-09-17 14:49:25 INFO  TC007_EmptySearchAlert:19 - Alert is accepted
2025-09-17 14:49:25 INFO  TC007_EmptySearchAlert:28 - TestCase to search product finished
2025-09-17 14:49:25 INFO  TC007_EmptySearchAlert:13 - TestCase to Search product started
2025-09-17 14:49:26 INFO  TC007_EmptySearchAlert:19 - Alert is accepted
2025-09-17 14:49:26 INFO  TC007_EmptySearchAlert:28 - TestCase to search product finished
2025-09-17 14:50:20 INFO  TC007_EmptySearchAlert:52 - Title Validated Successfully.
2025-09-17 14:51:09 INFO  TC007_EmptySearchAlert:52 - Title Validated Successfully.
2025-09-17 14:51:09 INFO  TC007_EmptySearchAlert:12 - TestCase to Search product started
2025-09-17 14:51:09 INFO  TC007_EmptySearchAlert:18 - Alert is accepted
2025-09-17 14:51:09 INFO  TC007_EmptySearchAlert:27 - TestCase to search product finished
2025-09-17 15:17:13 INFO  TC002_VerifyHomePageTabs:52 - Title Validated Successfully.
2025-09-17 15:17:13 INFO  TC002_VerifyHomePageTabs:12 - TestCase to verify HomePage tabs has started
2025-09-17 15:17:20 INFO  TC002_VerifyHomePageTabs:18 - TestCase to verify HomePage Tab has finished
2025-09-17 15:17:50 INFO  TC003_VerifyFooterLinks:52 - Title Validated Successfully.
2025-09-17 15:17:50 INFO  TC003_VerifyFooterLinks:12 - TestCase to verify broken links from footer started
2025-09-17 15:18:15 INFO  TC004_SearchItem:52 - Title Validated Successfully.
2025-09-17 15:18:15 INFO  TC004_SearchItem:13 - TestCase to Search product started
2025-09-17 15:18:19 INFO  TC004_SearchItem:18 - Search item is found
2025-09-17 15:18:19 INFO  TC004_SearchItem:25 - TestCase to search product finished
2025-09-17 15:18:19 INFO  TC004_SearchItem:13 - TestCase to Search product started
2025-09-17 15:18:23 INFO  TC004_SearchItem:18 - Search item is found
2025-09-17 15:18:23 INFO  TC004_SearchItem:25 - TestCase to search product finished
2025-09-17 15:18:23 INFO  TC004_SearchItem:13 - TestCase to Search product started
2025-09-17 15:18:26 INFO  TC004_SearchItem:22 - Search item cannot be found
2025-09-17 15:18:26 INFO  TC004_SearchItem:25 - TestCase to search product finished
2025-09-17 15:18:26 INFO  TC004_SearchItem:13 - TestCase to Search product started
2025-09-17 15:18:30 INFO  TC004_SearchItem:18 - Search item is found
2025-09-17 15:18:30 INFO  TC004_SearchItem:25 - TestCase to search product finished
2025-09-17 15:18:46 INFO  TC005_FilterProductByPrice:52 - Title Validated Successfully.
2025-09-17 15:18:46 INFO  TC005_FilterProductByPrice:17 - Test case to filter product by price under 25 has started
2025-09-17 15:18:47 INFO  TC005_FilterProductByPrice:23 - All the products have price more than 25
2025-09-17 15:18:47 INFO  TC005_FilterProductByPrice:31 - Test case to filter product by price under 25 has finished
2025-09-17 15:18:54 INFO  TC006_SortProductByPriceLowToHigh:52 - Title Validated Successfully.
2025-09-17 15:18:54 INFO  TC006_SortProductByPriceLowToHigh:17 - Test case to sort product by price Low To High has started
2025-09-17 15:18:57 INFO  TC006_SortProductByPriceLowToHigh:26 - All the products are sorted by price Low to High
2025-09-17 15:18:57 INFO  TC006_SortProductByPriceLowToHigh:34 - Test case to sort product by price Low To High has finished
2025-09-17 15:18:59 INFO  TC007_EmptySearchAlert:52 - Title Validated Successfully.
2025-09-17 15:18:59 INFO  TC007_EmptySearchAlert:12 - TestCase to verify alert started
2025-09-17 15:18:59 INFO  TC007_EmptySearchAlert:18 - Alert is accepted
2025-09-17 15:18:59 INFO  TC007_EmptySearchAlert:27 - TestCase to verify alert finished
