2025-09-14 00:01:26 INFO  TC002_VerifyHomePageTabs:59 - Login Clicked
2025-09-14 00:01:27 INFO  TC002_VerifyHomePageTabs:12 - TestCase to verify HomePage tabs has started
2025-09-14 00:01:27 INFO  TC002_VerifyHomePageTabs:12 - TestCase to verify HomePage tabs has started
2025-09-14 00:01:36 INFO  TC002_VerifyHomePageTabs:16 - TestCase to verify HomePage Tab has finished
2025-09-14 00:01:37 INFO  TC002_VerifyHomePageTabs:16 - TestCase to verify HomePage Tab has finished
2025-09-14 00:05:13 INFO  TC002_VerifyHomePageTabs:59 - Login Clicked
2025-09-14 00:05:14 INFO  TC002_VerifyHomePageTabs:12 - TestCase to verify HomePage tabs has started
2025-09-14 00:05:18 INFO  TC002_VerifyHomePageTabs:16 - TestCase to verify HomePage Tab has finished
2025-09-14 00:06:23 INFO  TC002_VerifyHomePageTabs:59 - Login Clicked
2025-09-14 00:06:24 INFO  TC002_VerifyHomePageTabs:12 - TestCase to verify HomePage tabs has started
2025-09-14 00:07:26 INFO  TC002_VerifyHomePageTabs:59 - Login Clicked
2025-09-14 00:07:27 INFO  TC002_VerifyHomePageTabs:12 - TestCase to verify HomePage tabs has started
2025-09-14 00:08:14 INFO  TC002_VerifyHomePageTabs:59 - Login Clicked
2025-09-14 00:08:15 INFO  TC002_VerifyHomePageTabs:12 - TestCase to verify HomePage tabs has started
2025-09-14 00:09:11 INFO  TC002_VerifyHomePageTabs:59 - Login Clicked
2025-09-14 00:09:13 INFO  TC002_VerifyHomePageTabs:12 - TestCase to verify HomePage tabs has started
2025-09-14 00:10:27 INFO  TC002_VerifyHomePageTabs:59 - Login Clicked
2025-09-14 00:10:28 INFO  TC002_VerifyHomePageTabs:12 - TestCase to verify HomePage tabs has started
2025-09-14 00:13:31 INFO  TC002_VerifyHomePageTabs:59 - Login Clicked
2025-09-14 00:13:32 INFO  TC002_VerifyHomePageTabs:12 - TestCase to verify HomePage tabs has started
2025-09-14 00:14:34 INFO  TC002_VerifyHomePageTabs:59 - Login Clicked
2025-09-14 00:14:35 INFO  TC002_VerifyHomePageTabs:12 - TestCase to verify HomePage tabs has started
2025-09-14 00:19:30 INFO  TC002_VerifyHomePageTabs:59 - Login Clicked
2025-09-14 00:19:31 INFO  TC002_VerifyHomePageTabs:12 - TestCase to verify HomePage tabs has started
2025-09-14 00:25:18 INFO  TC002_VerifyHomePageTabs:59 - Login Clicked
2025-09-14 00:25:20 INFO  TC002_VerifyHomePageTabs:12 - TestCase to verify HomePage tabs has started
2025-09-14 00:26:19 INFO  TC002_VerifyHomePageTabs:59 - Login Clicked
2025-09-14 00:26:20 INFO  TC002_VerifyHomePageTabs:12 - TestCase to verify HomePage tabs has started
2025-09-14 00:30:32 INFO  TC002_VerifyHomePageTabs:59 - Login Clicked
2025-09-14 00:30:34 INFO  TC002_VerifyHomePageTabs:12 - TestCase to verify HomePage tabs has started
2025-09-14 16:18:02 INFO  TC002_VerifyHomePageTabs:59 - Login Clicked
2025-09-14 16:18:05 INFO  TC002_VerifyHomePageTabs:12 - TestCase to verify HomePage tabs has started
2025-09-14 16:19:49 INFO  TC002_VerifyHomePageTabs:59 - Login Clicked
2025-09-14 16:19:49 INFO  TC002_VerifyHomePageTabs:12 - TestCase to verify HomePage tabs has started
2025-09-14 16:21:38 INFO  TC002_VerifyHomePageTabs:59 - Login Clicked
2025-09-14 16:21:39 INFO  TC002_VerifyHomePageTabs:12 - TestCase to verify HomePage tabs has started
2025-09-14 16:23:20 INFO  TC002_VerifyHomePageTabs:59 - Login Clicked
2025-09-14 16:23:22 INFO  TC002_VerifyHomePageTabs:12 - TestCase to verify HomePage tabs has started
2025-09-14 16:24:20 INFO  TC002_VerifyHomePageTabs:59 - Login Clicked
2025-09-14 16:24:21 INFO  TC002_VerifyHomePageTabs:12 - TestCase to verify HomePage tabs has started
2025-09-14 16:27:05 INFO  TC002_VerifyHomePageTabs:59 - Login Clicked
2025-09-14 16:27:06 INFO  TC002_VerifyHomePageTabs:12 - TestCase to verify HomePage tabs has started
2025-09-14 16:36:14 INFO  TC002_VerifyHomePageTabs:59 - Login Clicked
2025-09-14 16:36:15 INFO  TC002_VerifyHomePageTabs:12 - TestCase to verify HomePage tabs has started
2025-09-14 16:36:21 INFO  TC002_VerifyHomePageTabs:16 - TestCase to verify HomePage Tab has finished
2025-09-14 16:52:04 INFO  TC002_VerifyHomePageTabs:59 - Login Clicked
2025-09-14 16:52:05 INFO  TC002_VerifyHomePageTabs:12 - TestCase to verify HomePage tabs has started
2025-09-14 16:52:10 INFO  TC002_VerifyHomePageTabs:16 - TestCase to verify HomePage Tab has finished
2025-09-14 16:52:46 INFO  TC002_VerifyHomePageTabs:59 - Login Clicked
2025-09-14 16:52:47 INFO  TC002_VerifyHomePageTabs:12 - TestCase to verify HomePage tabs has started
2025-09-14 16:52:51 INFO  TC002_VerifyHomePageTabs:17 - TestCase to verify HomePage Tab has finished
2025-09-14 16:53:47 INFO  TC002_VerifyHomePageTabs:59 - Login Clicked
2025-09-14 16:53:48 INFO  TC002_VerifyHomePageTabs:12 - TestCase to verify HomePage tabs has started
2025-09-14 16:53:53 INFO  TC002_VerifyHomePageTabs:17 - TestCase to verify HomePage Tab has finished
2025-09-14 16:56:19 INFO  TC002_VerifyHomePageTabs:59 - Login Clicked
2025-09-14 16:56:20 INFO  TC002_VerifyHomePageTabs:12 - TestCase to verify HomePage tabs has started
2025-09-14 16:56:24 INFO  TC002_VerifyHomePageTabs:17 - TestCase to verify HomePage Tab has finished
2025-09-14 21:38:44 INFO  TC001_LoginTest:15 - Test case to testlogin started
2025-09-14 21:38:48 INFO  TC001_LoginTest:15 - Test case to testlogin started
2025-09-14 21:38:48 INFO  TC001_LoginTest:15 - Test case to testlogin started
2025-09-14 21:56:59 INFO  TC001_LoginTest:16 - Test case to testlogin started
2025-09-14 21:57:04 INFO  TC001_LoginTest:16 - Test case to testlogin started
2025-09-14 21:57:04 INFO  TC001_LoginTest:16 - Test case to testlogin started
2025-09-14 22:02:20 INFO  TC001_LoginTest:16 - Test case to testlogin started
2025-09-14 22:02:24 INFO  TC001_LoginTest:16 - Test case to testlogin started
2025-09-14 22:02:24 INFO  TC001_LoginTest:16 - Test case to testlogin started
2025-09-14 22:19:58 INFO  TC001_LoginTest:16 - Test case to testlogin started
2025-09-14 22:20:00 INFO  TC001_LoginTest:16 - Test case to testlogin started
2025-09-14 22:20:00 INFO  TC001_LoginTest:16 - Test case to testlogin started
2025-09-14 22:24:33 INFO  TC001_LoginTest:16 - Test case to testlogin started
2025-09-14 22:27:56 INFO  TC001_LoginTest:16 - Test case to testlogin started
2025-09-14 22:27:59 INFO  TC001_LoginTest:16 - Test case to testlogin started
2025-09-14 22:27:59 INFO  TC001_LoginTest:16 - Test case to testlogin started
2025-09-14 22:29:49 INFO  TC001_LoginTest:16 - Test case to testlogin started
2025-09-14 22:29:51 INFO  TC001_LoginTest:16 - Test case to testlogin started
2025-09-14 22:29:51 INFO  TC001_LoginTest:16 - Test case to testlogin started
2025-09-14 22:32:33 INFO  TC001_LoginTest:16 - Test case to testlogin started
2025-09-14 22:34:10 INFO  TC001_LoginTest:16 - Test case to testlogin started
2025-09-14 22:35:20 INFO  TC001_LoginTest:16 - Test case to testlogin started
2025-09-14 22:35:29 INFO  TC001_LoginTest:16 - Test case to testlogin started
2025-09-14 22:37:21 INFO  TC001_LoginTest:16 - Test case to test login started
2025-09-14 22:39:53 INFO  TC001_LoginTest:16 - Test case to test login started
2025-09-14 22:39:55 INFO  TC001_LoginTest:16 - Test case to test login started
2025-09-14 22:39:55 INFO  TC001_LoginTest:16 - Test case to test login started
2025-09-14 22:41:09 INFO  TC001_LoginTest:16 - Test case to test login started
2025-09-14 22:41:11 INFO  TC001_LoginTest:16 - Test case to test login started
2025-09-14 22:41:11 INFO  TC001_LoginTest:16 - Test case to test login started
2025-09-14 22:42:22 INFO  TC001_LoginTest:16 - Test case to test login started
2025-09-14 22:42:24 INFO  TC001_LoginTest:16 - Test case to test login started
2025-09-14 22:42:24 INFO  TC001_LoginTest:16 - Test case to test login started
2025-09-14 22:43:29 INFO  TC001_LoginTest:16 - Test case to test login started
2025-09-14 22:43:32 INFO  TC001_LoginTest:16 - Test case to test login started
2025-09-14 22:43:36 INFO  TC001_LoginTest:16 - Test case to test login started
2025-09-14 22:43:36 INFO  TC001_LoginTest:16 - Test case to test login started
2025-09-14 22:43:53 INFO  TC001_LoginTest:16 - Test case to test login started
2025-09-14 22:43:56 INFO  TC001_LoginTest:16 - Test case to test login started
2025-09-14 22:43:56 INFO  TC001_LoginTest:16 - Test case to test login started
2025-09-14 22:49:23 INFO  TC001_LoginTest:16 - Test case to test login started
2025-09-14 22:49:26 INFO  TC001_LoginTest:16 - Test case to test login started
2025-09-14 22:49:26 INFO  TC001_LoginTest:16 - Test case to test login started
2025-09-14 22:50:59 INFO  TC001_LoginTest:16 - Test case to test login started
2025-09-14 22:51:01 INFO  TC001_LoginTest:16 - Test case to test login started
2025-09-14 22:51:01 INFO  TC001_LoginTest:16 - Test case to test login started
2025-09-14 22:52:39 INFO  TC001_LoginTest:16 - Test case to test login started
2025-09-14 22:52:41 INFO  TC001_LoginTest:16 - Test case to test login started
2025-09-14 22:52:41 INFO  TC001_LoginTest:16 - Test case to test login started
2025-09-14 22:53:30 INFO  TC001_LoginTest:16 - Test case to test login started
2025-09-14 22:53:37 INFO  TC001_LoginTest:16 - Test case to test login started
2025-09-14 23:00:51 INFO  TC001_LoginTest:16 - Test case to test login started
2025-09-14 23:01:54 INFO  TC001_LoginTest:16 - Test case to test login started
2025-09-14 23:01:56 INFO  TC001_LoginTest:16 - Test case to test login started
2025-09-14 23:01:56 INFO  TC001_LoginTest:16 - Test case to test login started
2025-09-14 23:08:22 INFO  TC002_VerifyHomePageTabs:12 - TestCase to verify HomePage tabs has started
2025-09-14 23:08:30 INFO  TC002_VerifyHomePageTabs:17 - TestCase to verify HomePage Tab has finished
2025-09-14 23:08:35 INFO  TC003_VerifyFooterLinks:12 - TestCase to verify broken links from footer started
2025-09-14 23:09:48 INFO  TC001_LoginTest:16 - Test case to test login started
2025-09-14 23:09:51 INFO  TC001_LoginTest:16 - Test case to test login started
2025-09-14 23:09:51 INFO  TC001_LoginTest:16 - Test case to test login started
2025-09-14 23:09:56 INFO  TC002_VerifyHomePageTabs:12 - TestCase to verify HomePage tabs has started
2025-09-14 23:10:02 INFO  TC002_VerifyHomePageTabs:17 - TestCase to verify HomePage Tab has finished
2025-09-14 23:10:38 INFO  TC003_VerifyFooterLinks:12 - TestCase to verify broken links from footer started
