2025-09-13 21:15:06 INFO  TC003_VerifyFooterLinks:59 - Login Clicked
2025-09-13 22:05:09 INFO  TC003_VerifyFooterLinks:59 - Login Clicked
2025-09-13 22:07:00 INFO  TC003_VerifyFooterLinks:59 - Login Clicked
2025-09-13 22:34:50 INFO  TC003_VerifyFooterLinks:59 - Login Clicked
2025-09-13 22:57:17 INFO  TC003_VerifyFooterLinks:59 - Login Clicked
2025-09-13 22:57:17 INFO  TC003_VerifyFooterLinks:12 - TestCase to verify broken links from footer started
2025-09-13 22:58:01 INFO  TC002_VerifyHomePageTabs:59 - Login Clicked
2025-09-13 22:58:01 INFO  TC002_VerifyHomePageTabs:12 - TestCase to verify HomePage tabs has started
2025-09-13 23:00:41 INFO  TC002_VerifyHomePageTabs:59 - Login Clicked
2025-09-13 23:00:42 INFO  TC002_VerifyHomePageTabs:12 - TestCase to verify HomePage tabs has started
2025-09-13 23:01:33 INFO  TC002_VerifyHomePageTabs:59 - Login Clicked
2025-09-13 23:01:34 INFO  TC002_VerifyHomePageTabs:12 - TestCase to verify HomePage tabs has started
2025-09-13 23:02:16 INFO  TC002_VerifyHomePageTabs:59 - Login Clicked
2025-09-13 23:02:16 INFO  TC002_VerifyHomePageTabs:12 - TestCase to verify HomePage tabs has started
2025-09-13 23:04:08 INFO  TC002_VerifyHomePageTabs:59 - Login Clicked
2025-09-13 23:04:08 INFO  TC002_VerifyHomePageTabs:12 - TestCase to verify HomePage tabs has started
2025-09-13 23:05:04 INFO  TC002_VerifyHomePageTabs:59 - Login Clicked
2025-09-13 23:05:04 INFO  TC002_VerifyHomePageTabs:12 - TestCase to verify HomePage tabs has started
2025-09-13 23:08:52 INFO  TC002_VerifyHomePageTabs:59 - Login Clicked
2025-09-13 23:08:52 INFO  TC002_VerifyHomePageTabs:12 - TestCase to verify HomePage tabs has started
2025-09-13 23:09:33 INFO  TC002_VerifyHomePageTabs:59 - Login Clicked
2025-09-13 23:09:34 INFO  TC002_VerifyHomePageTabs:12 - TestCase to verify HomePage tabs has started
2025-09-13 23:24:24 INFO  TC002_VerifyHomePageTabs:59 - Login Clicked
2025-09-13 23:24:25 INFO  TC002_VerifyHomePageTabs:12 - TestCase to verify HomePage tabs has started
2025-09-13 23:26:24 INFO  TC002_VerifyHomePageTabs:59 - Login Clicked
2025-09-13 23:26:25 INFO  TC002_VerifyHomePageTabs:12 - TestCase to verify HomePage tabs has started
2025-09-13 23:27:10 INFO  TC002_VerifyHomePageTabs:59 - Login Clicked
2025-09-13 23:27:10 INFO  TC002_VerifyHomePageTabs:12 - TestCase to verify HomePage tabs has started
2025-09-13 23:41:10 INFO  TC002_VerifyHomePageTabs:59 - Login Clicked
2025-09-13 23:41:11 INFO  TC002_VerifyHomePageTabs:12 - TestCase to verify HomePage tabs has started
2025-09-13 23:43:12 INFO  TC002_VerifyHomePageTabs:59 - Login Clicked
2025-09-13 23:43:13 INFO  TC002_VerifyHomePageTabs:12 - TestCase to verify HomePage tabs has started
2025-09-13 23:44:34 INFO  TC002_VerifyHomePageTabs:59 - Login Clicked
2025-09-13 23:44:34 INFO  TC002_VerifyHomePageTabs:12 - TestCase to verify HomePage tabs has started
2025-09-13 23:44:39 INFO  TC002_VerifyHomePageTabs:16 - TestCase to verify HomePage Tab has finished
2025-09-13 23:57:53 INFO  TC002_VerifyHomePageTabs:59 - Login Clicked
2025-09-13 23:57:54 INFO  TC002_VerifyHomePageTabs:12 - TestCase to verify HomePage tabs has started
2025-09-13 23:57:58 INFO  TC002_VerifyHomePageTabs:16 - TestCase to verify HomePage Tab has finished
2025-09-13 23:58:48 INFO  TC002_VerifyHomePageTabs:59 - Login Clicked
2025-09-13 23:58:49 INFO  TC002_VerifyHomePageTabs:12 - TestCase to verify HomePage tabs has started
2025-09-13 23:58:53 INFO  TC002_VerifyHomePageTabs:16 - TestCase to verify HomePage Tab has finished
2025-09-13 23:59:35 INFO  TC002_VerifyHomePageTabs:59 - Login Clicked
2025-09-13 23:59:36 INFO  TC002_VerifyHomePageTabs:12 - TestCase to verify HomePage tabs has started
2025-09-13 23:59:40 INFO  TC002_VerifyHomePageTabs:16 - TestCase to verify HomePage Tab has finished
