2025-09-16 11:34:57 INFO  TC001_LoginTest:16 - Test case to test login started
2025-09-16 11:34:59 INFO  TC001_LoginTest:16 - Test case to test login started
2025-09-16 11:38:27 INFO  TC004_VerifyHeaderLinks:52 - Title Validated Successfully.
2025-09-16 11:38:27 INFO  TC004_VerifyHeaderLinks:12 - TestCase to verify Header Links started
2025-09-16 11:42:22 INFO  TC004_VerifyHeaderLinks:52 - Title Validated Successfully.
2025-09-16 11:42:22 INFO  TC004_VerifyHeaderLinks:12 - TestCase to verify Header Links started
2025-09-16 12:32:36 INFO  TC004_VerifyHeaderLinks:52 - Title Validated Successfully.
2025-09-16 12:32:36 INFO  TC004_VerifyHeaderLinks:12 - TestCase to verify Header Links started
2025-09-16 12:33:26 INFO  TC004_VerifyHeaderLinks:52 - Title Validated Successfully.
2025-09-16 12:33:26 INFO  TC004_VerifyHeaderLinks:12 - TestCase to verify Header Links started
2025-09-16 12:35:01 INFO  TC004_VerifyHeaderLinks:52 - Title Validated Successfully.
2025-09-16 12:35:01 INFO  TC004_VerifyHeaderLinks:12 - TestCase to verify Header Links started
2025-09-16 12:36:17 INFO  TC004_VerifyHeaderLinks:52 - Title Validated Successfully.
2025-09-16 12:36:17 INFO  TC004_VerifyHeaderLinks:12 - TestCase to verify Header Links started
2025-09-16 12:36:23 INFO  TC004_VerifyHeaderLinks:23 - TestCase to verify Header Links finished
2025-09-16 12:37:02 INFO  TC004_VerifyHeaderLinks:52 - Title Validated Successfully.
2025-09-16 12:37:02 INFO  TC004_VerifyHeaderLinks:12 - TestCase to verify Header Links started
2025-09-16 12:37:08 INFO  TC004_VerifyHeaderLinks:23 - TestCase to verify Header Links finished
2025-09-16 12:38:25 INFO  TC004_VerifyHeaderLinks:52 - Title Validated Successfully.
2025-09-16 12:38:25 INFO  TC004_VerifyHeaderLinks:12 - TestCase to verify Header Links started
2025-09-16 12:38:30 INFO  TC004_VerifyHeaderLinks:23 - TestCase to verify Header Links finished
2025-09-16 12:39:16 INFO  TC004_VerifyHeaderLinks:52 - Title Validated Successfully.
2025-09-16 12:39:16 INFO  TC004_VerifyHeaderLinks:12 - TestCase to verify Header Links started
2025-09-16 12:39:20 INFO  TC004_VerifyHeaderLinks:23 - TestCase to verify Header Links finished
2025-09-16 12:39:46 INFO  TC004_VerifyHeaderLinks:52 - Title Validated Successfully.
2025-09-16 12:39:46 INFO  TC004_VerifyHeaderLinks:12 - TestCase to verify Header Links started
2025-09-16 12:39:50 INFO  TC004_VerifyHeaderLinks:23 - TestCase to verify Header Links finished
2025-09-16 12:40:25 INFO  TC004_VerifyHeaderLinks:52 - Title Validated Successfully.
2025-09-16 12:40:25 INFO  TC004_VerifyHeaderLinks:12 - TestCase to verify Header Links started
2025-09-16 12:40:29 INFO  TC004_VerifyHeaderLinks:23 - TestCase to verify Header Links finished
2025-09-16 13:16:01 INFO  TC004_VerifyHeaderLinks:52 - Title Validated Successfully.
2025-09-16 13:16:01 INFO  TC004_VerifyHeaderLinks:12 - TestCase to verify Header Links started
2025-09-16 13:16:05 INFO  TC004_VerifyHeaderLinks:23 - TestCase to verify Header Links finished
2025-09-16 13:18:36 INFO  TC004_VerifyHeaderLinks:52 - Title Validated Successfully.
2025-09-16 13:18:36 INFO  TC004_VerifyHeaderLinks:12 - TestCase to verify Header Links started
2025-09-16 13:18:40 INFO  TC004_VerifyHeaderLinks:23 - TestCase to verify Header Links finished
2025-09-16 13:21:23 INFO  TC004_VerifyHeaderLinks:52 - Title Validated Successfully.
2025-09-16 13:21:23 INFO  TC004_VerifyHeaderLinks:12 - TestCase to verify Header Links started
2025-09-16 13:21:27 INFO  TC004_VerifyHeaderLinks:23 - TestCase to verify Header Links finished
2025-09-16 13:23:21 INFO  TC004_VerifyHeaderLinks:52 - Title Validated Successfully.
2025-09-16 13:23:21 INFO  TC004_VerifyHeaderLinks:12 - TestCase to verify Header Links started
2025-09-16 13:23:25 INFO  TC004_VerifyHeaderLinks:23 - TestCase to verify Header Links finished
2025-09-16 13:24:24 INFO  TC004_VerifyHeaderLinks:52 - Title Validated Successfully.
2025-09-16 13:24:24 INFO  TC004_VerifyHeaderLinks:12 - TestCase to verify Header Links started
2025-09-16 13:24:29 INFO  TC004_VerifyHeaderLinks:23 - TestCase to verify Header Links finished
2025-09-16 13:26:06 INFO  TC004_VerifyHeaderLinks:52 - Title Validated Successfully.
2025-09-16 13:26:06 INFO  TC004_VerifyHeaderLinks:12 - TestCase to verify Header Links started
2025-09-16 13:28:14 INFO  TC004_VerifyHeaderLinks:52 - Title Validated Successfully.
2025-09-16 13:28:14 INFO  TC004_VerifyHeaderLinks:12 - TestCase to verify Header Links started
2025-09-16 13:31:49 INFO  TC004_VerifyHeaderLinks:52 - Title Validated Successfully.
2025-09-16 13:31:49 INFO  TC004_VerifyHeaderLinks:12 - TestCase to verify Header Links started
2025-09-16 13:31:53 INFO  TC004_VerifyHeaderLinks:23 - TestCase to verify Header Links finished
2025-09-16 13:37:01 INFO  TC004_VerifyHeaderLinks:52 - Title Validated Successfully.
2025-09-16 13:37:01 INFO  TC004_VerifyHeaderLinks:12 - TestCase to verify Header Links started
2025-09-16 13:37:03 INFO  TC004_VerifyHeaderLinks:23 - TestCase to verify Header Links finished
2025-09-16 13:38:13 INFO  TC004_VerifyHeaderLinks:52 - Title Validated Successfully.
2025-09-16 13:38:13 INFO  TC004_VerifyHeaderLinks:12 - TestCase to verify Header Links started
2025-09-16 13:38:15 INFO  TC004_VerifyHeaderLinks:23 - TestCase to verify Header Links finished
2025-09-16 13:38:51 INFO  TC004_VerifyHeaderLinks:52 - Title Validated Successfully.
2025-09-16 13:38:51 INFO  TC004_VerifyHeaderLinks:12 - TestCase to verify Header Links started
2025-09-16 13:38:56 INFO  TC004_VerifyHeaderLinks:23 - TestCase to verify Header Links finished
2025-09-16 13:40:24 INFO  TC004_VerifyHeaderLinks:52 - Title Validated Successfully.
2025-09-16 13:40:24 INFO  TC004_VerifyHeaderLinks:12 - TestCase to verify Header Links started
2025-09-16 13:45:38 INFO  TC004_VerifyHeaderLinks:52 - Title Validated Successfully.
2025-09-16 13:45:38 INFO  TC004_VerifyHeaderLinks:12 - TestCase to verify Header Links started
2025-09-16 13:45:49 INFO  TC004_VerifyHeaderLinks:23 - TestCase to verify Header Links finished
2025-09-16 14:01:57 INFO  TC004_SearchItem:52 - Title Validated Successfully.
2025-09-16 14:05:06 INFO  TC004_SearchItem:52 - Title Validated Successfully.
2025-09-16 14:05:06 INFO  TC004_SearchItem:13 - TestCase to verify Header Links started
2025-09-16 14:05:12 INFO  TC004_SearchItem:19 - Search item is found
2025-09-16 14:05:12 INFO  TC004_SearchItem:28 - TestCase to verify Header Links finished
2025-09-16 14:05:12 INFO  TC004_SearchItem:13 - TestCase to verify Header Links started
2025-09-16 14:05:18 INFO  TC004_SearchItem:19 - Search item is found
2025-09-16 14:05:18 INFO  TC004_SearchItem:28 - TestCase to verify Header Links finished
2025-09-16 14:05:18 INFO  TC004_SearchItem:13 - TestCase to verify Header Links started
2025-09-16 14:05:25 INFO  TC004_SearchItem:19 - Search item is found
2025-09-16 14:05:25 INFO  TC004_SearchItem:28 - TestCase to verify Header Links finished
2025-09-16 14:07:36 INFO  TC004_SearchItem:52 - Title Validated Successfully.
2025-09-16 14:07:36 INFO  TC004_SearchItem:15 - TestCase to verify Header Links started
2025-09-16 14:07:42 INFO  TC004_SearchItem:21 - Search item is found
2025-09-16 14:07:42 INFO  TC004_SearchItem:30 - TestCase to verify Header Links finished
2025-09-16 14:07:42 INFO  TC004_SearchItem:15 - TestCase to verify Header Links started
2025-09-16 14:07:47 INFO  TC004_SearchItem:21 - Search item is found
2025-09-16 14:07:47 INFO  TC004_SearchItem:30 - TestCase to verify Header Links finished
2025-09-16 14:07:47 INFO  TC004_SearchItem:15 - TestCase to verify Header Links started
2025-09-16 14:07:50 INFO  TC004_SearchItem:15 - TestCase to verify Header Links started
2025-09-16 14:08:48 INFO  TC004_SearchItem:52 - Title Validated Successfully.
2025-09-16 14:08:48 INFO  TC004_SearchItem:15 - TestCase to verify Header Links started
2025-09-16 14:08:52 INFO  TC004_SearchItem:21 - Search item is found
2025-09-16 14:08:52 INFO  TC004_SearchItem:30 - TestCase to verify Header Links finished
2025-09-16 14:08:52 INFO  TC004_SearchItem:15 - TestCase to verify Header Links started
2025-09-16 14:08:56 INFO  TC004_SearchItem:21 - Search item is found
2025-09-16 14:08:56 INFO  TC004_SearchItem:30 - TestCase to verify Header Links finished
2025-09-16 14:08:56 INFO  TC004_SearchItem:15 - TestCase to verify Header Links started
2025-09-16 14:08:58 INFO  TC004_SearchItem:15 - TestCase to verify Header Links started
2025-09-16 14:09:01 INFO  TC004_SearchItem:21 - Search item is found
2025-09-16 14:09:01 INFO  TC004_SearchItem:30 - TestCase to verify Header Links finished
2025-09-16 14:12:39 INFO  TC004_SearchItem:52 - Title Validated Successfully.
2025-09-16 14:12:39 INFO  TC004_SearchItem:15 - TestCase to verify Header Links started
2025-09-16 14:12:42 INFO  TC004_SearchItem:21 - Search item is found
2025-09-16 14:12:42 INFO  TC004_SearchItem:30 - TestCase to verify Header Links finished
2025-09-16 14:12:42 INFO  TC004_SearchItem:15 - TestCase to verify Header Links started
2025-09-16 14:12:46 INFO  TC004_SearchItem:21 - Search item is found
2025-09-16 14:12:46 INFO  TC004_SearchItem:30 - TestCase to verify Header Links finished
2025-09-16 14:12:46 INFO  TC004_SearchItem:15 - TestCase to verify Header Links started
2025-09-16 14:12:48 INFO  TC004_SearchItem:15 - TestCase to verify Header Links started
2025-09-16 14:12:51 INFO  TC004_SearchItem:21 - Search item is found
2025-09-16 14:12:51 INFO  TC004_SearchItem:30 - TestCase to verify Header Links finished
2025-09-16 14:13:30 INFO  TC004_SearchItem:52 - Title Validated Successfully.
2025-09-16 14:13:30 INFO  TC004_SearchItem:15 - TestCase to verify Header Links started
2025-09-16 14:14:08 INFO  TC004_SearchItem:52 - Title Validated Successfully.
2025-09-16 14:14:08 INFO  TC004_SearchItem:15 - TestCase to verify Header Links started
2025-09-16 14:17:34 INFO  TC004_SearchItem:52 - Title Validated Successfully.
2025-09-16 14:17:34 INFO  TC004_SearchItem:15 - TestCase to verify Header Links started
2025-09-16 14:17:37 INFO  TC004_SearchItem:21 - Search item is found
2025-09-16 14:17:37 INFO  TC004_SearchItem:30 - TestCase to verify Header Links finished
2025-09-16 14:17:37 INFO  TC004_SearchItem:15 - TestCase to verify Header Links started
2025-09-16 14:17:41 INFO  TC004_SearchItem:21 - Search item is found
2025-09-16 14:17:41 INFO  TC004_SearchItem:30 - TestCase to verify Header Links finished
2025-09-16 14:17:41 INFO  TC004_SearchItem:15 - TestCase to verify Header Links started
2025-09-16 14:17:43 INFO  TC004_SearchItem:15 - TestCase to verify Header Links started
2025-09-16 14:17:46 INFO  TC004_SearchItem:21 - Search item is found
2025-09-16 14:17:46 INFO  TC004_SearchItem:30 - TestCase to verify Header Links finished
2025-09-16 14:19:40 INFO  TC004_SearchItem:52 - Title Validated Successfully.
2025-09-16 14:19:40 INFO  TC004_SearchItem:15 - TestCase to verify Header Links started
2025-09-16 14:19:42 INFO  TC004_SearchItem:21 - Search item is found
2025-09-16 14:19:42 INFO  TC004_SearchItem:30 - TestCase to verify Header Links finished
2025-09-16 14:19:42 INFO  TC004_SearchItem:15 - TestCase to verify Header Links started
2025-09-16 14:19:45 INFO  TC004_SearchItem:21 - Search item is found
2025-09-16 14:19:45 INFO  TC004_SearchItem:30 - TestCase to verify Header Links finished
2025-09-16 14:19:45 INFO  TC004_SearchItem:15 - TestCase to verify Header Links started
2025-09-16 14:19:47 INFO  TC004_SearchItem:15 - TestCase to verify Header Links started
2025-09-16 14:19:50 INFO  TC004_SearchItem:21 - Search item is found
2025-09-16 14:19:50 INFO  TC004_SearchItem:30 - TestCase to verify Header Links finished
2025-09-16 14:20:30 INFO  TC004_SearchItem:52 - Title Validated Successfully.
2025-09-16 14:20:30 INFO  TC004_SearchItem:15 - TestCase to verify Header Links started
2025-09-16 14:20:35 INFO  TC004_SearchItem:21 - Search item is found
2025-09-16 14:20:35 INFO  TC004_SearchItem:30 - TestCase to verify Header Links finished
2025-09-16 14:20:35 INFO  TC004_SearchItem:15 - TestCase to verify Header Links started
2025-09-16 14:20:40 INFO  TC004_SearchItem:21 - Search item is found
2025-09-16 14:20:40 INFO  TC004_SearchItem:30 - TestCase to verify Header Links finished
2025-09-16 14:20:40 INFO  TC004_SearchItem:15 - TestCase to verify Header Links started
2025-09-16 14:20:42 INFO  TC004_SearchItem:15 - TestCase to verify Header Links started
2025-09-16 14:20:47 INFO  TC004_SearchItem:21 - Search item is found
2025-09-16 14:20:47 INFO  TC004_SearchItem:30 - TestCase to verify Header Links finished
2025-09-16 14:28:33 INFO  TC004_SearchItem:52 - Title Validated Successfully.
2025-09-16 14:28:33 INFO  TC004_SearchItem:15 - TestCase to verify Header Links started
2025-09-16 14:28:38 INFO  TC004_SearchItem:21 - Search item is found
2025-09-16 14:28:38 INFO  TC004_SearchItem:30 - TestCase to verify Header Links finished
2025-09-16 14:28:38 INFO  TC004_SearchItem:15 - TestCase to verify Header Links started
2025-09-16 14:28:43 INFO  TC004_SearchItem:21 - Search item is found
2025-09-16 14:28:43 INFO  TC004_SearchItem:30 - TestCase to verify Header Links finished
2025-09-16 14:28:43 INFO  TC004_SearchItem:15 - TestCase to verify Header Links started
2025-09-16 14:28:45 INFO  TC004_SearchItem:15 - TestCase to verify Header Links started
2025-09-16 14:28:50 INFO  TC004_SearchItem:21 - Search item is found
2025-09-16 14:28:50 INFO  TC004_SearchItem:30 - TestCase to verify Header Links finished
2025-09-16 14:29:59 INFO  TC004_SearchItem:52 - Title Validated Successfully.
2025-09-16 14:29:59 INFO  TC004_SearchItem:15 - TestCase to verify Header Links started
2025-09-16 14:33:41 INFO  TC004_SearchItem:52 - Title Validated Successfully.
2025-09-16 14:33:41 INFO  TC004_SearchItem:15 - TestCase to verify Header Links started
2025-09-16 15:23:54 INFO  TC005_SortProductByPrice:52 - Title Validated Successfully.
2025-09-16 15:24:38 INFO  TC005_SortProductByPrice:52 - Title Validated Successfully.
2025-09-16 15:25:47 INFO  TC005_SortProductByPrice:52 - Title Validated Successfully.
2025-09-16 15:27:05 INFO  TC005_SortProductByPrice:52 - Title Validated Successfully.
2025-09-16 15:31:02 INFO  TC005_SortProductByPrice:52 - Title Validated Successfully.
2025-09-16 15:31:58 INFO  TC005_SortProductByPrice:52 - Title Validated Successfully.
2025-09-16 15:32:48 INFO  TC005_SortProductByPrice:52 - Title Validated Successfully.
2025-09-16 15:33:34 INFO  TC005_SortProductByPrice:52 - Title Validated Successfully.
2025-09-16 15:35:02 INFO  TC005_SortProductByPrice:52 - Title Validated Successfully.
2025-09-16 15:36:27 INFO  TC005_SortProductByPrice:52 - Title Validated Successfully.
2025-09-16 15:36:46 INFO  TC005_SortProductByPrice:52 - Title Validated Successfully.
2025-09-16 15:37:17 INFO  TC005_SortProductByPrice:52 - Title Validated Successfully.
2025-09-16 15:37:56 INFO  TC005_SortProductByPrice:52 - Title Validated Successfully.
2025-09-16 15:47:10 INFO  TC005_SortProductByPrice:52 - Title Validated Successfully.
2025-09-16 15:48:46 INFO  TC005_SortProductByPrice:52 - Title Validated Successfully.
2025-09-16 15:49:49 INFO  TC005_SortProductByPrice:52 - Title Validated Successfully.
2025-09-16 16:08:39 INFO  TC005_SortProductByPrice:52 - Title Validated Successfully.
2025-09-16 16:08:39 INFO  TC005_SortProductByPrice:17 - Test case to sort product by price has started
2025-09-16 16:08:40 INFO  TC005_SortProductByPrice:27 - All the products DO Not have price more than 25
2025-09-16 16:09:34 INFO  TC005_SortProductByPrice:52 - Title Validated Successfully.
2025-09-16 16:09:34 INFO  TC005_SortProductByPrice:17 - Test case to sort product by price has started
2025-09-16 16:09:35 INFO  TC005_SortProductByPrice:28 - All the products DO Not have price more than 25
2025-09-16 16:11:39 INFO  TC005_SortProductByPrice:52 - Title Validated Successfully.
2025-09-16 16:11:39 INFO  TC005_SortProductByPrice:17 - Test case to sort product by price has started
2025-09-16 16:11:40 INFO  TC005_SortProductByPrice:24 - All the products have price more than 25
2025-09-16 16:11:40 INFO  TC005_SortProductByPrice:31 - Test case to sort product by price has finished
2025-09-16 16:12:59 INFO  TC005_SortProductByPrice:52 - Title Validated Successfully.
2025-09-16 16:12:59 INFO  TC005_SortProductByPrice:17 - Test case to sort product by price has started
2025-09-16 16:13:01 INFO  TC005_SortProductByPrice:24 - All the products have price more than 25
2025-09-16 16:13:01 INFO  TC005_SortProductByPrice:31 - Test case to sort product by price has finished
2025-09-16 16:13:58 INFO  TC005_SortProductByPrice:52 - Title Validated Successfully.
2025-09-16 16:13:58 INFO  TC005_SortProductByPrice:17 - Test case to sort product by price has started
2025-09-16 16:14:05 INFO  TC005_SortProductByPrice:24 - All the products have price more than 25
2025-09-16 16:14:05 INFO  TC005_SortProductByPrice:31 - Test case to sort product by price has finished
2025-09-16 16:14:25 INFO  TC005_SortProductByPrice:52 - Title Validated Successfully.
2025-09-16 16:14:25 INFO  TC005_SortProductByPrice:17 - Test case to sort product by price has started
2025-09-16 16:14:32 INFO  TC005_SortProductByPrice:24 - All the products have price more than 25
2025-09-16 16:14:32 INFO  TC005_SortProductByPrice:31 - Test case to sort product by price has finished
2025-09-16 16:21:06 INFO  TC005_SortProductByPrice:52 - Title Validated Successfully.
2025-09-16 16:21:06 INFO  TC005_SortProductByPrice:17 - Test case to sort product by price has started
2025-09-16 16:21:14 INFO  TC005_SortProductByPrice:24 - All the products have price more than 25
2025-09-16 16:21:14 INFO  TC005_SortProductByPrice:31 - Test case to sort product by price has finished
2025-09-16 16:38:49 INFO  TC005_SortProductByPrice:52 - Title Validated Successfully.
2025-09-16 16:38:49 INFO  TC005_SortProductByPrice:17 - Test case to sort product by price has started
2025-09-16 16:38:50 INFO  TC005_SortProductByPrice:31 - Test case to sort product by price has finished
2025-09-16 16:40:08 INFO  TC005_SortProductByPrice:52 - Title Validated Successfully.
2025-09-16 16:40:08 INFO  TC005_SortProductByPrice:17 - Test case to sort product by price has started
2025-09-16 16:40:09 INFO  TC005_SortProductByPrice:31 - Test case to sort product by price has finished
2025-09-16 16:41:28 INFO  TC005_SortProductByPrice:52 - Title Validated Successfully.
2025-09-16 16:41:28 INFO  TC005_SortProductByPrice:17 - Test case to sort product by price has started
2025-09-16 16:41:29 INFO  TC005_SortProductByPrice:31 - Test case to sort product by price has finished
